Log file open, 05/01/20 10:37:58
LogWindows: Failed to load 'aqProf.dll' (GetLastError=126)
LogWindows: File 'aqProf.dll' does not exist
LogWindows: Failed to load 'VtuneApi.dll' (GetLastError=126)
LogWindows: File 'VtuneApi.dll' does not exist
LogWindows: Failed to load 'VtuneApi32e.dll' (GetLastError=126)
LogWindows: File 'VtuneApi32e.dll' does not exist
LogConsoleResponse: Display: Failed to find resolution value strings in scalability ini. Falling back to default.
LogInit: Display: Running engine for game: VehicleTutorial
LogPakFile: Registered encryption key '00000000000000000000000000000000': 0 pak files mounted, 0 remain pending
LogPlatformFile: Not using cached read wrapper
LogTaskGraph: Started task graph with 5 named threads and 23 total threads with 3 sets of task threads.
LogStats: Stats thread started at 0.272246
LogD3D11RHI: Loaded GFSDK_Aftermath_Lib.x64.dll
LogICUInternationalization: ICU TimeZone Detection - Raw Offset: +9:00, Platform Override: ''
LogPluginManager: Mounting plugin Paper2D
LogPluginManager: Mounting plugin AISupport
LogPluginManager: Mounting plugin LightPropagationVolume
LogPluginManager: Mounting plugin ActorLayerUtilities
LogPluginManager: Mounting plugin CLionSourceCodeAccess
LogPluginManager: Mounting plugin CodeLiteSourceCodeAccess
LogPluginManager: Mounting plugin GitSourceControl
LogPluginManager: Mounting plugin KDevelopSourceCodeAccess
LogPluginManager: Mounting plugin NullSourceCodeAccess
LogPluginManager: Mounting plugin PerforceSourceControl
LogPluginManager: Mounting plugin SubversionSourceControl
LogPluginManager: Mounting plugin UObjectPlugin
LogPluginManager: Mounting plugin VisualStudioCodeSourceCodeAccess
LogPluginManager: Mounting plugin VisualStudioSourceCodeAccess
LogPluginManager: Mounting plugin XCodeSourceCodeAccess
LogPluginManager: Mounting plugin AssetManagerEditor
LogPluginManager: Mounting plugin CryptoKeys
LogPluginManager: Mounting plugin DataValidation
LogPluginManager: Mounting plugin FacialAnimation
LogPluginManager: Mounting plugin GameplayTagsEditor
LogPluginManager: Mounting plugin MacGraphicsSwitching
LogPluginManager: Mounting plugin MeshEditor
LogPluginManager: Mounting plugin MobileLauncherProfileWizard
LogPluginManager: Mounting plugin PluginBrowser
LogPluginManager: Mounting plugin SpeedTreeImporter
LogPluginManager: Mounting plugin DatasmithContent
LogPluginManager: Mounting plugin VariantManagerContent
LogPluginManager: Mounting plugin AlembicImporter
LogPluginManager: Mounting plugin AppleImageUtils
LogPluginManager: Mounting plugin AppleVision
LogPluginManager: Mounting plugin BackChannel
LogPluginManager: Mounting plugin CharacterAI
LogPluginManager: Mounting plugin GeometryCache
LogPluginManager: Mounting plugin HTML5Networking
LogPluginManager: Mounting plugin ProxyLODPlugin
LogPluginManager: Mounting plugin RawInput
LogPluginManager: Mounting plugin MagicLeap
LogPluginManager: Mounting plugin MagicLeapMedia
LogPluginManager: Mounting plugin AndroidMedia
LogPluginManager: Mounting plugin AvfMedia
LogPluginManager: Mounting plugin ImgMedia
LogPluginManager: Mounting plugin LinearTimecode
LogPluginManager: Mounting plugin MediaCompositing
LogPluginManager: Mounting plugin MediaPlayerEditor
LogPluginManager: Mounting plugin WebMMedia
LogPluginManager: Mounting plugin WmfMedia
LogPluginManager: Mounting plugin TcpMessaging
LogPluginManager: Mounting plugin UdpMessaging
LogPluginManager: Mounting plugin ActorSequence
LogPluginManager: Mounting plugin LevelSequenceEditor
LogPluginManager: Mounting plugin MatineeToLevelSequence
LogPluginManager: Mounting plugin NetcodeUnitTest
LogPluginManager: Mounting plugin NUTUnrealEngine4
LogPluginManager: Mounting plugin OnlineSubsystemGooglePlay
LogPluginManager: Mounting plugin OnlineSubsystemIOS
LogPluginManager: Mounting plugin OnlineSubsystem
LogPluginManager: Mounting plugin OnlineSubsystemNull
LogPluginManager: Mounting plugin OnlineSubsystemUtils
LogPluginManager: Mounting plugin LauncherChunkInstaller
LogPluginManager: Mounting plugin AndroidDeviceProfileSelector
LogPluginManager: Mounting plugin AndroidMoviePlayer
LogPluginManager: Mounting plugin AndroidPermission
LogPluginManager: Mounting plugin AppleMoviePlayer
LogPluginManager: Mounting plugin ArchVisCharacter
LogPluginManager: Mounting plugin AudioCapture
LogPluginManager: Mounting plugin CableComponent
LogPluginManager: Mounting plugin CustomMeshComponent
LogPluginManager: Mounting plugin EditableMesh
LogPluginManager: Mounting plugin ExampleDeviceProfileSelector
LogPluginManager: Mounting plugin Firebase
LogPluginManager: Mounting plugin GoogleCloudMessaging
LogPluginManager: Mounting plugin IOSDeviceProfileSelector
LogPluginManager: Mounting plugin LinuxDeviceProfileSelector
LogPluginManager: Mounting plugin LocationServicesBPLibrary
LogPluginManager: Mounting plugin MobilePatchingUtils
LogPluginManager: Mounting plugin OculusVR
LogPluginManager: Mounting plugin PhysXVehicles
LogPluginManager: Mounting plugin ProceduralMeshComponent
LogPluginManager: Mounting plugin RuntimePhysXCooking
LogPluginManager: Mounting plugin SteamVR
LogPluginManager: Mounting plugin WebMMoviePlayer
LogPluginManager: Mounting plugin WindowsMoviePlayer
LogStreaming: Display: Took  0.075s to configure plugins.
LogInit: Using libcurl 7.55.1-DEV
LogInit:  - built for x86_64-pc-win32
LogInit:  - supports SSL with OpenSSL/1.0.2h
LogInit:  - supports HTTP deflate (compression) using libz 1.2.8
LogInit:  - other features:
LogInit:      CURL_VERSION_SSL
LogInit:      CURL_VERSION_LIBZ
LogInit:      CURL_VERSION_IPV6
LogInit:      CURL_VERSION_ASYNCHDNS
LogInit:      CURL_VERSION_LARGEFILE
LogInit:      CURL_VERSION_IDN
LogInit:  CurlRequestOptions (configurable via config and command line):
LogInit:  - bVerifyPeer = true  - Libcurl will verify peer certificate
LogInit:  - bUseHttpProxy = false  - Libcurl will NOT use HTTP proxy
LogInit:  - bDontReuseConnections = false  - Libcurl will reuse connections
LogInit:  - MaxHostConnections = 16  - Libcurl will limit the number of connections to a host
LogInit:  - LocalHostAddr = Default
LogInit:  - BufferSize = 65536
LogInit: WinSock: version 1.1 (2.2), MaxSocks=32767, MaxUdp=65467
LogInit: Build: ++UE4+Release-4.21-CL-4753647
LogInit: Engine Version: 4.21.2-4753647+++UE4+Release-4.21
LogInit: Compatible Engine Version: 4.21.0-4541578+++UE4+Release-4.21
LogInit: Net CL: 4541578
LogInit: OS: Windows 10 (), CPU: Intel(R) Core(TM) i7-4790 CPU @ 3.60GHz, GPU: NVIDIA GeForce GTX 1060 6GB
LogInit: Compiled (64-bit): Jan 19 2019 02:07:31
LogInit: Compiled with Visual C++: 19.13.26129.00
LogInit: Build Configuration: Development
LogInit: Branch Name: ++UE4+Release-4.21
LogInit: Command Line:  -EpicPortal -epicusername=aki0018 -epicuserid=c705ba0724fe476f86f342d151cefd0c -epiclocale=ja
LogInit: Base Directory: D:/Epic Games/UE_4.21/Engine/Binaries/Win64/
LogInit: Installed Engine Build: 1
LogDevObjectVersion: Number of dev versions registered: 22
LogDevObjectVersion:   Dev-Blueprints (B0D832E4-1F89-4F0D-ACCF-7EB736FD4AA2): 10
LogDevObjectVersion:   Dev-Build (E1C64328-A22C-4D53-A36C-8E866417BD8C): 0
LogDevObjectVersion:   Dev-Core (375EC13C-06E4-48FB-B500-84F0262A717E): 2
LogDevObjectVersion:   Dev-Editor (E4B068ED-F494-42E9-A231-DA0B2E46BB41): 26
LogDevObjectVersion:   Dev-Framework (CFFC743F-43B0-4480-9391-14DF171D2073): 34
LogDevObjectVersion:   Dev-Mobile (B02B49B5-BB20-44E9-A304-32B752E40360): 2
LogDevObjectVersion:   Dev-Networking (A4E4105C-59A1-49B5-A7C5-40C4547EDFEE): 0
LogDevObjectVersion:   Dev-Online (39C831C9-5AE6-47DC-9A44-9C173E1C8E7C): 0
LogDevObjectVersion:   Dev-Physics (78F01B33-EBEA-4F98-B9B4-84EACCB95AA2): 0
LogDevObjectVersion:   Dev-Platform (6631380F-2D4D-43E0-8009-CF276956A95A): 0
LogDevObjectVersion:   Dev-Rendering (12F88B9F-8875-4AFC-A67C-D90C383ABD29): 27
LogDevObjectVersion:   Dev-Sequencer (7B5AE74C-D270-4C10-A958-57980B212A5A): 9
LogDevObjectVersion:   Dev-VR (D7296918-1DD6-4BDD-9DE2-64A83CC13884): 2
LogDevObjectVersion:   Dev-LoadTimes (C2A15278-BFE7-4AFE-6C17-90FF531DF755): 1
LogDevObjectVersion:   Private-Geometry (6EACA3D4-40EC-4CC1-B786-8BED09428FC5): 3
LogDevObjectVersion:   Dev-AnimPhys (29E575DD-E0A3-4627-9D10-D276232CDCEA): 17
LogDevObjectVersion:   Dev-Anim (AF43A65D-7FD3-4947-9873-3E8ED9C1BB05): 2
LogDevObjectVersion:   Dev-ReflectionCapture (6B266CEC-1EC7-4B8F-A30B-E4D90942FC07): 1
LogDevObjectVersion:   Dev-Automation (0DF73D61-A23F-47EA-B727-89E90C41499A): 1
LogDevObjectVersion:   FortniteMain (601D1886-AC64-4F84-AA16-D3DE0DEAC7D6): 17
LogDevObjectVersion:   Dev-Enterprise (9DFFBCD6-494F-0158-E221-12823C92A888): 4
LogDevObjectVersion:   Dev-Niagara (F2AED0AC-9AFE-416F-8664-AA7FFA26D6FC): 1
LogStreaming: Display: Took  0.000s to delete old logs.
LogInit: Presizing for max 8388607 objects, including 0 objects not considered by GC, pre-allocating 0 bytes for permanent pool.
LogInit: Object subsystem initialized
LogConfig: Setting CVar [[con.DebugEarlyDefault:1]]
LogConfig: Setting CVar [[r.setres:1280x720]]
[2020.05.01-01.37.59:124][  0]LogConfig: Setting CVar [[r.VSync:0]]
[2020.05.01-01.37.59:124][  0]LogConfig: Setting CVar [[r.RHICmdBypass:0]]
[2020.05.01-01.37.59:125][  0]LogConfig: Applying CVar settings from Section [/Script/Engine.RendererSettings] File [D:/gitroot/HTUE4_1/aki0018/FirstProject/VehicleTutorial/Saved/Config/Windows/Engine.ini]
[2020.05.01-01.37.59:125][  0]LogConfig: Setting CVar [[r.GPUCrashDebugging:0]]
[2020.05.01-01.37.59:125][  0]LogConfig: Applying CVar settings from Section [/Script/Engine.RendererOverrideSettings] File [D:/gitroot/HTUE4_1/aki0018/FirstProject/VehicleTutorial/Saved/Config/Windows/Engine.ini]
[2020.05.01-01.37.59:125][  0]LogConfig: Applying CVar settings from Section [/Script/Engine.StreamingSettings] File [D:/gitroot/HTUE4_1/aki0018/FirstProject/VehicleTutorial/Saved/Config/Windows/Engine.ini]
[2020.05.01-01.37.59:125][  0]LogConfig: Setting CVar [[s.MinBulkDataSizeForAsyncLoading:131072]]
[2020.05.01-01.37.59:125][  0]LogConfig: Setting CVar [[s.AsyncLoadingThreadEnabled:0]]
[2020.05.01-01.37.59:125][  0]LogConfig: Setting CVar [[s.EventDrivenLoaderEnabled:1]]
[2020.05.01-01.37.59:125][  0]LogConfig: Setting CVar [[s.WarnIfTimeLimitExceeded:0]]
[2020.05.01-01.37.59:125][  0]LogConfig: Setting CVar [[s.TimeLimitExceededMultiplier:1.5]]
[2020.05.01-01.37.59:125][  0]LogConfig: Setting CVar [[s.TimeLimitExceededMinTime:0.005]]
[2020.05.01-01.37.59:125][  0]LogConfig: Setting CVar [[s.UseBackgroundLevelStreaming:1]]
[2020.05.01-01.37.59:125][  0]LogConfig: Setting CVar [[s.PriorityAsyncLoadingExtraTime:15.0]]
[2020.05.01-01.37.59:125][  0]LogConfig: Setting CVar [[s.LevelStreamingActorsUpdateTimeLimit:5.0]]
[2020.05.01-01.37.59:125][  0]LogConfig: Setting CVar [[s.PriorityLevelStreamingActorsUpdateExtraTime:5.0]]
[2020.05.01-01.37.59:125][  0]LogConfig: Setting CVar [[s.LevelStreamingComponentsRegistrationGranularity:10]]
[2020.05.01-01.37.59:125][  0]LogConfig: Setting CVar [[s.UnregisterComponentsTimeLimit:1.0]]
[2020.05.01-01.37.59:125][  0]LogConfig: Setting CVar [[s.LevelStreamingComponentsUnregistrationGranularity:5]]
[2020.05.01-01.37.59:125][  0]LogConfig: Applying CVar settings from Section [/Script/Engine.GarbageCollectionSettings] File [D:/gitroot/HTUE4_1/aki0018/FirstProject/VehicleTutorial/Saved/Config/Windows/Engine.ini]
[2020.05.01-01.37.59:125][  0]LogConfig: Setting CVar [[gc.MaxObjectsNotConsideredByGC:1]]
[2020.05.01-01.37.59:125][  0]LogConfig: Setting CVar [[gc.SizeOfPermanentObjectPool:0]]
[2020.05.01-01.37.59:125][  0]LogConfig: Setting CVar [[gc.FlushStreamingOnGC:0]]
[2020.05.01-01.37.59:125][  0]LogConfig: Setting CVar [[gc.NumRetriesBeforeForcingGC:10]]
[2020.05.01-01.37.59:125][  0]LogConfig: Setting CVar [[gc.AllowParallelGC:1]]
[2020.05.01-01.37.59:125][  0]LogConfig: Setting CVar [[gc.TimeBetweenPurgingPendingKillObjects:61.1]]
[2020.05.01-01.37.59:125][  0]LogConfig: Setting CVar [[gc.MaxObjectsInEditor:8388607]]
[2020.05.01-01.37.59:125][  0]LogConfig: Setting CVar [[gc.IncrementalBeginDestroyEnabled:1]]
[2020.05.01-01.37.59:125][  0]LogConfig: Setting CVar [[gc.CreateGCClusters:1]]
[2020.05.01-01.37.59:125][  0]LogConfig: Setting CVar [[gc.MergeGCClusters:0]]
[2020.05.01-01.37.59:125][  0]LogConfig: Setting CVar [[gc.MinGCClusterSize:5]]
[2020.05.01-01.37.59:125][  0]LogConfig: Setting CVar [[gc.ActorClusteringEnabled:0]]
[2020.05.01-01.37.59:125][  0]LogConfig: Setting CVar [[gc.BlueprintClusteringEnabled:0]]
[2020.05.01-01.37.59:125][  0]LogConfig: Setting CVar [[gc.UseDisregardForGCOnDedicatedServers:0]]
[2020.05.01-01.37.59:125][  0]LogConfig: Applying CVar settings from Section [/Script/Engine.NetworkSettings] File [D:/gitroot/HTUE4_1/aki0018/FirstProject/VehicleTutorial/Saved/Config/Windows/Engine.ini]
[2020.05.01-01.37.59:125][  0]LogConfig: Applying CVar settings from Section [/Script/UnrealEd.CookerSettings] File [D:/gitroot/HTUE4_1/aki0018/FirstProject/VehicleTutorial/Saved/Config/Windows/Engine.ini]
[2020.05.01-01.37.59:128][  0]LogConfig: Applying CVar settings from Section [ViewDistanceQuality@3] File [D:/gitroot/HTUE4_1/aki0018/FirstProject/VehicleTutorial/Saved/Config/Windows/Scalability.ini]
[2020.05.01-01.37.59:128][  0]LogConfig: Setting CVar [[r.SkeletalMeshLODBias:0]]
[2020.05.01-01.37.59:128][  0]LogConfig: Setting CVar [[r.ViewDistanceScale:1.0]]
[2020.05.01-01.37.59:128][  0]LogConfig: Applying CVar settings from Section [AntiAliasingQuality@3] File [D:/gitroot/HTUE4_1/aki0018/FirstProject/VehicleTutorial/Saved/Config/Windows/Scalability.ini]
[2020.05.01-01.37.59:128][  0]LogConfig: Setting CVar [[r.PostProcessAAQuality:4]]
[2020.05.01-01.37.59:128][  0]LogConfig: Applying CVar settings from Section [ShadowQuality@3] File [D:/gitroot/HTUE4_1/aki0018/FirstProject/VehicleTutorial/Saved/Config/Windows/Scalability.ini]
[2020.05.01-01.37.59:129][  0]LogConfig: Setting CVar [[r.LightFunctionQuality:1]]
[2020.05.01-01.37.59:129][  0]LogConfig: Setting CVar [[r.ShadowQuality:5]]
[2020.05.01-01.37.59:129][  0]LogConfig: Setting CVar [[r.Shadow.CSM.MaxCascades:10]]
[2020.05.01-01.37.59:129][  0]LogConfig: Setting CVar [[r.Shadow.MaxResolution:2048]]
[2020.05.01-01.37.59:129][  0]LogConfig: Setting CVar [[r.Shadow.MaxCSMResolution:2048]]
[2020.05.01-01.37.59:129][  0]LogConfig: Setting CVar [[r.Shadow.RadiusThreshold:0.01]]
[2020.05.01-01.37.59:129][  0]LogConfig: Setting CVar [[r.Shadow.DistanceScale:1.0]]
[2020.05.01-01.37.59:129][  0]LogConfig: Setting CVar [[r.Shadow.CSM.TransitionScale:1.0]]
[2020.05.01-01.37.59:129][  0]LogConfig: Setting CVar [[r.Shadow.PreShadowResolutionFactor:1.0]]
[2020.05.01-01.37.59:129][  0]LogConfig: Setting CVar [[r.DistanceFieldShadowing:1]]
[2020.05.01-01.37.59:129][  0]LogConfig: Setting CVar [[r.DistanceFieldAO:1]]
[2020.05.01-01.37.59:129][  0]LogConfig: Setting CVar [[r.AOQuality:2]]
[2020.05.01-01.37.59:129][  0]LogConfig: Setting CVar [[r.VolumetricFog:1]]
[2020.05.01-01.37.59:129][  0]LogConfig: Setting CVar [[r.VolumetricFog.GridPixelSize:8]]
[2020.05.01-01.37.59:129][  0]LogConfig: Setting CVar [[r.VolumetricFog.GridSizeZ:128]]
[2020.05.01-01.37.59:129][  0]LogConfig: Setting CVar [[r.VolumetricFog.HistoryMissSupersampleCount:4]]
[2020.05.01-01.37.59:129][  0]LogConfig: Setting CVar [[r.LightMaxDrawDistanceScale:1]]
[2020.05.01-01.37.59:129][  0]LogConfig: Setting CVar [[r.CapsuleShadows:1]]
[2020.05.01-01.37.59:129][  0]LogConfig: Applying CVar settings from Section [PostProcessQuality@3] File [D:/gitroot/HTUE4_1/aki0018/FirstProject/VehicleTutorial/Saved/Config/Windows/Scalability.ini]
[2020.05.01-01.37.59:129][  0]LogConfig: Setting CVar [[r.MotionBlurQuality:4]]
[2020.05.01-01.37.59:129][  0]LogConfig: Setting CVar [[r.AmbientOcclusionMipLevelFactor:0.4]]
[2020.05.01-01.37.59:129][  0]LogConfig: Setting CVar [[r.AmbientOcclusionMaxQuality:100]]
[2020.05.01-01.37.59:129][  0]LogConfig: Setting CVar [[r.AmbientOcclusionLevels:-1]]
[2020.05.01-01.37.59:129][  0]LogConfig: Setting CVar [[r.AmbientOcclusionRadiusScale:1.0]]
[2020.05.01-01.37.59:129][  0]LogConfig: Setting CVar [[r.DepthOfFieldQuality:2]]
[2020.05.01-01.37.59:129][  0]LogConfig: Setting CVar [[r.RenderTargetPoolMin:400]]
[2020.05.01-01.37.59:129][  0]LogConfig: Setting CVar [[r.LensFlareQuality:2]]
[2020.05.01-01.37.59:129][  0]LogConfig: Setting CVar [[r.SceneColorFringeQuality:1]]
[2020.05.01-01.37.59:129][  0]LogConfig: Setting CVar [[r.EyeAdaptationQuality:2]]
[2020.05.01-01.37.59:129][  0]LogConfig: Setting CVar [[r.BloomQuality:5]]
[2020.05.01-01.37.59:129][  0]LogConfig: Setting CVar [[r.FastBlurThreshold:100]]
[2020.05.01-01.37.59:129][  0]LogConfig: Setting CVar [[r.Upscale.Quality:3]]
[2020.05.01-01.37.59:129][  0]LogConfig: Setting CVar [[r.Tonemapper.GrainQuantization:1]]
[2020.05.01-01.37.59:129][  0]LogConfig: Setting CVar [[r.LightShaftQuality:1]]
[2020.05.01-01.37.59:129][  0]LogConfig: Setting CVar [[r.Filter.SizeScale:1]]
[2020.05.01-01.37.59:129][  0]LogConfig: Setting CVar [[r.Tonemapper.Quality:5]]
[2020.05.01-01.37.59:129][  0]LogConfig: Setting CVar [[r.DOF.Gather.AccumulatorQuality:1        ; higher gathering accumulator quality]]
[2020.05.01-01.37.59:129][  0]LogConfig: Setting CVar [[r.DOF.Gather.PostfilterMethod:1          ; Median3x3 postfilering method]]
[2020.05.01-01.37.59:129][  0]LogConfig: Setting CVar [[r.DOF.Gather.EnableBokehSettings:0       ; no bokeh simulation when gathering]]
[2020.05.01-01.37.59:129][  0]LogConfig: Setting CVar [[r.DOF.Gather.RingCount:4                 ; medium number of samples when gathering]]
[2020.05.01-01.37.59:129][  0]LogConfig: Setting CVar [[r.DOF.Scatter.ForegroundCompositing:1    ; additive foreground scattering]]
[2020.05.01-01.37.59:129][  0]LogConfig: Setting CVar [[r.DOF.Scatter.BackgroundCompositing:2    ; additive background scattering]]
[2020.05.01-01.37.59:129][  0]LogConfig: Setting CVar [[r.DOF.Scatter.EnableBokehSettings:1      ; bokeh simulation when scattering]]
[2020.05.01-01.37.59:129][  0]LogConfig: Setting CVar [[r.DOF.Scatter.MaxSpriteRatio:0.1         ; only a maximum of 10% of scattered bokeh]]
[2020.05.01-01.37.59:129][  0]LogConfig: Setting CVar [[r.DOF.Recombine.Quality:1                ; cheap slight out of focus]]
[2020.05.01-01.37.59:129][  0]LogConfig: Setting CVar [[r.DOF.Recombine.EnableBokehSettings:0    ; no bokeh simulation on slight out of focus]]
[2020.05.01-01.37.59:129][  0]LogConfig: Setting CVar [[r.DOF.TemporalAAQuality:1                ; more stable temporal accumulation]]
[2020.05.01-01.37.59:129][  0]LogConfig: Setting CVar [[r.DOF.Kernel.MaxForegroundRadius:0.025]]
[2020.05.01-01.37.59:129][  0]LogConfig: Setting CVar [[r.DOF.Kernel.MaxBackgroundRadius:0.025]]
[2020.05.01-01.37.59:129][  0]LogConfig: Applying CVar settings from Section [TextureQuality@3] File [D:/gitroot/HTUE4_1/aki0018/FirstProject/VehicleTutorial/Saved/Config/Windows/Scalability.ini]
[2020.05.01-01.37.59:129][  0]LogConfig: Setting CVar [[r.Streaming.MipBias:0]]
[2020.05.01-01.37.59:129][  0]LogConfig: Setting CVar [[r.Streaming.AmortizeCPUToGPUCopy:0]]
[2020.05.01-01.37.59:129][  0]LogConfig: Setting CVar [[r.Streaming.MaxNumTexturesToStreamPerFrame:0]]
[2020.05.01-01.37.59:129][  0]LogConfig: Setting CVar [[r.Streaming.Boost:1]]
[2020.05.01-01.37.59:129][  0]LogConfig: Setting CVar [[r.MaxAnisotropy:8]]
[2020.05.01-01.37.59:129][  0]LogConfig: Setting CVar [[r.Streaming.LimitPoolSizeToVRAM:0]]
[2020.05.01-01.37.59:129][  0]LogConfig: Setting CVar [[r.Streaming.PoolSize:1000]]
[2020.05.01-01.37.59:129][  0]LogConfig: Setting CVar [[r.Streaming.MaxEffectiveScreenSize:0]]
[2020.05.01-01.37.59:129][  0]LogConfig: Applying CVar settings from Section [EffectsQuality@3] File [D:/gitroot/HTUE4_1/aki0018/FirstProject/VehicleTutorial/Saved/Config/Windows/Scalability.ini]
[2020.05.01-01.37.59:129][  0]LogConfig: Setting CVar [[r.TranslucencyLightingVolumeDim:64]]
[2020.05.01-01.37.59:129][  0]LogConfig: Setting CVar [[r.RefractionQuality:2]]
[2020.05.01-01.37.59:129][  0]LogConfig: Setting CVar [[r.SSR.Quality:3]]
[2020.05.01-01.37.59:129][  0]LogConfig: Setting CVar [[r.SceneColorFormat:4]]
[2020.05.01-01.37.59:129][  0]LogConfig: Setting CVar [[r.DetailMode:2]]
[2020.05.01-01.37.59:129][  0]LogConfig: Setting CVar [[r.TranslucencyVolumeBlur:1]]
[2020.05.01-01.37.59:129][  0]LogConfig: Setting CVar [[r.MaterialQualityLevel:1 ; High quality]]
[2020.05.01-01.37.59:129][  0]LogConfig: Setting CVar [[r.SSS.Scale:1]]
[2020.05.01-01.37.59:130][  0]LogConfig: Setting CVar [[r.SSS.SampleSet:2]]
[2020.05.01-01.37.59:130][  0]LogConfig: Setting CVar [[r.SSS.Quality:1]]
[2020.05.01-01.37.59:130][  0]LogConfig: Setting CVar [[r.SSS.HalfRes:1]]
[2020.05.01-01.37.59:130][  0]LogConfig: Setting CVar [[r.EmitterSpawnRateScale:1.0]]
[2020.05.01-01.37.59:130][  0]LogConfig: Setting CVar [[r.ParticleLightQuality:2]]
[2020.05.01-01.37.59:130][  0]LogConfig: Applying CVar settings from Section [FoliageQuality@3] File [D:/gitroot/HTUE4_1/aki0018/FirstProject/VehicleTutorial/Saved/Config/Windows/Scalability.ini]
[2020.05.01-01.37.59:130][  0]LogConfig: Setting CVar [[foliage.DensityScale:1.0]]
[2020.05.01-01.37.59:130][  0]LogConfig: Setting CVar [[grass.DensityScale:1.0]]
[2020.05.01-01.37.59:130][  0]LogInit: Selected Device Profile: [Windows]
[2020.05.01-01.37.59:130][  0]LogInit: Applying CVar settings loaded from the selected device profile: [Windows]
[2020.05.01-01.37.59:137][  0]LogHAL: Display: Platform has ~ 16 GB [17128947712 / 17179869184 / 16], which maps to Larger [LargestMinGB=32, LargerMinGB=12, DefaultMinGB=8, SmallerMinGB=6, SmallestMinGB=0)
[2020.05.01-01.37.59:137][  0]LogConfig: Setting CVar [[r.Vulkan.UseRealUBs:1]]
[2020.05.01-01.37.59:137][  0]LogInit: Going up to parent DeviceProfile []
[2020.05.01-01.37.59:137][  0]LogConfig: Applying CVar settings from Section [ViewDistanceQuality@3] File [D:/gitroot/HTUE4_1/aki0018/FirstProject/VehicleTutorial/Saved/Config/Windows/Scalability.ini]
[2020.05.01-01.37.59:137][  0]LogConfig: Setting CVar [[r.SkeletalMeshLODBias:0]]
[2020.05.01-01.37.59:137][  0]LogConfig: Setting CVar [[r.ViewDistanceScale:1.0]]
[2020.05.01-01.37.59:137][  0]LogConfig: Applying CVar settings from Section [AntiAliasingQuality@3] File [D:/gitroot/HTUE4_1/aki0018/FirstProject/VehicleTutorial/Saved/Config/Windows/Scalability.ini]
[2020.05.01-01.37.59:137][  0]LogConfig: Setting CVar [[r.PostProcessAAQuality:4]]
[2020.05.01-01.37.59:137][  0]LogConfig: Applying CVar settings from Section [ShadowQuality@3] File [D:/gitroot/HTUE4_1/aki0018/FirstProject/VehicleTutorial/Saved/Config/Windows/Scalability.ini]
[2020.05.01-01.37.59:137][  0]LogConfig: Setting CVar [[r.LightFunctionQuality:1]]
[2020.05.01-01.37.59:137][  0]LogConfig: Setting CVar [[r.ShadowQuality:5]]
[2020.05.01-01.37.59:137][  0]LogConfig: Setting CVar [[r.Shadow.CSM.MaxCascades:10]]
[2020.05.01-01.37.59:137][  0]LogConfig: Setting CVar [[r.Shadow.MaxResolution:2048]]
[2020.05.01-01.37.59:137][  0]LogConfig: Setting CVar [[r.Shadow.MaxCSMResolution:2048]]
[2020.05.01-01.37.59:137][  0]LogConfig: Setting CVar [[r.Shadow.RadiusThreshold:0.01]]
[2020.05.01-01.37.59:137][  0]LogConfig: Setting CVar [[r.Shadow.DistanceScale:1.0]]
[2020.05.01-01.37.59:137][  0]LogConfig: Setting CVar [[r.Shadow.CSM.TransitionScale:1.0]]
[2020.05.01-01.37.59:137][  0]LogConfig: Setting CVar [[r.Shadow.PreShadowResolutionFactor:1.0]]
[2020.05.01-01.37.59:137][  0]LogConfig: Setting CVar [[r.DistanceFieldShadowing:1]]
[2020.05.01-01.37.59:137][  0]LogConfig: Setting CVar [[r.DistanceFieldAO:1]]
[2020.05.01-01.37.59:137][  0]LogConfig: Setting CVar [[r.AOQuality:2]]
[2020.05.01-01.37.59:137][  0]LogConfig: Setting CVar [[r.VolumetricFog:1]]
[2020.05.01-01.37.59:137][  0]LogConfig: Setting CVar [[r.VolumetricFog.GridPixelSize:8]]
[2020.05.01-01.37.59:137][  0]LogConfig: Setting CVar [[r.VolumetricFog.GridSizeZ:128]]
[2020.05.01-01.37.59:137][  0]LogConfig: Setting CVar [[r.VolumetricFog.HistoryMissSupersampleCount:4]]
[2020.05.01-01.37.59:137][  0]LogConfig: Setting CVar [[r.LightMaxDrawDistanceScale:1]]
[2020.05.01-01.37.59:137][  0]LogConfig: Setting CVar [[r.CapsuleShadows:1]]
[2020.05.01-01.37.59:137][  0]LogConfig: Applying CVar settings from Section [PostProcessQuality@3] File [D:/gitroot/HTUE4_1/aki0018/FirstProject/VehicleTutorial/Saved/Config/Windows/Scalability.ini]
[2020.05.01-01.37.59:137][  0]LogConfig: Setting CVar [[r.MotionBlurQuality:4]]
[2020.05.01-01.37.59:137][  0]LogConfig: Setting CVar [[r.AmbientOcclusionMipLevelFactor:0.4]]
[2020.05.01-01.37.59:137][  0]LogConfig: Setting CVar [[r.AmbientOcclusionMaxQuality:100]]
[2020.05.01-01.37.59:138][  0]LogConfig: Setting CVar [[r.AmbientOcclusionLevels:-1]]
[2020.05.01-01.37.59:138][  0]LogConfig: Setting CVar [[r.AmbientOcclusionRadiusScale:1.0]]
[2020.05.01-01.37.59:138][  0]LogConfig: Setting CVar [[r.DepthOfFieldQuality:2]]
[2020.05.01-01.37.59:138][  0]LogConfig: Setting CVar [[r.RenderTargetPoolMin:400]]
[2020.05.01-01.37.59:138][  0]LogConfig: Setting CVar [[r.LensFlareQuality:2]]
[2020.05.01-01.37.59:138][  0]LogConfig: Setting CVar [[r.SceneColorFringeQuality:1]]
[2020.05.01-01.37.59:138][  0]LogConfig: Setting CVar [[r.EyeAdaptationQuality:2]]
[2020.05.01-01.37.59:138][  0]LogConfig: Setting CVar [[r.BloomQuality:5]]
[2020.05.01-01.37.59:138][  0]LogConfig: Setting CVar [[r.FastBlurThreshold:100]]
[2020.05.01-01.37.59:138][  0]LogConfig: Setting CVar [[r.Upscale.Quality:3]]
[2020.05.01-01.37.59:138][  0]LogConfig: Setting CVar [[r.Tonemapper.GrainQuantization:1]]
[2020.05.01-01.37.59:138][  0]LogConfig: Setting CVar [[r.LightShaftQuality:1]]
[2020.05.01-01.37.59:138][  0]LogConfig: Setting CVar [[r.Filter.SizeScale:1]]
[2020.05.01-01.37.59:138][  0]LogConfig: Setting CVar [[r.Tonemapper.Quality:5]]
[2020.05.01-01.37.59:138][  0]LogConfig: Setting CVar [[r.DOF.Gather.AccumulatorQuality:1        ; higher gathering accumulator quality]]
[2020.05.01-01.37.59:138][  0]LogConfig: Setting CVar [[r.DOF.Gather.PostfilterMethod:1          ; Median3x3 postfilering method]]
[2020.05.01-01.37.59:138][  0]LogConfig: Setting CVar [[r.DOF.Gather.EnableBokehSettings:0       ; no bokeh simulation when gathering]]
[2020.05.01-01.37.59:138][  0]LogConfig: Setting CVar [[r.DOF.Gather.RingCount:4                 ; medium number of samples when gathering]]
[2020.05.01-01.37.59:138][  0]LogConfig: Setting CVar [[r.DOF.Scatter.ForegroundCompositing:1    ; additive foreground scattering]]
[2020.05.01-01.37.59:138][  0]LogConfig: Setting CVar [[r.DOF.Scatter.BackgroundCompositing:2    ; additive background scattering]]
[2020.05.01-01.37.59:138][  0]LogConfig: Setting CVar [[r.DOF.Scatter.EnableBokehSettings:1      ; bokeh simulation when scattering]]
[2020.05.01-01.37.59:138][  0]LogConfig: Setting CVar [[r.DOF.Scatter.MaxSpriteRatio:0.1         ; only a maximum of 10% of scattered bokeh]]
[2020.05.01-01.37.59:138][  0]LogConfig: Setting CVar [[r.DOF.Recombine.Quality:1                ; cheap slight out of focus]]
[2020.05.01-01.37.59:138][  0]LogConfig: Setting CVar [[r.DOF.Recombine.EnableBokehSettings:0    ; no bokeh simulation on slight out of focus]]
[2020.05.01-01.37.59:138][  0]LogConfig: Setting CVar [[r.DOF.TemporalAAQuality:1                ; more stable temporal accumulation]]
[2020.05.01-01.37.59:138][  0]LogConfig: Setting CVar [[r.DOF.Kernel.MaxForegroundRadius:0.025]]
[2020.05.01-01.37.59:138][  0]LogConfig: Setting CVar [[r.DOF.Kernel.MaxBackgroundRadius:0.025]]
[2020.05.01-01.37.59:138][  0]LogConfig: Applying CVar settings from Section [TextureQuality@3] File [D:/gitroot/HTUE4_1/aki0018/FirstProject/VehicleTutorial/Saved/Config/Windows/Scalability.ini]
[2020.05.01-01.37.59:138][  0]LogConfig: Setting CVar [[r.Streaming.MipBias:0]]
[2020.05.01-01.37.59:138][  0]LogConfig: Setting CVar [[r.Streaming.AmortizeCPUToGPUCopy:0]]
[2020.05.01-01.37.59:138][  0]LogConfig: Setting CVar [[r.Streaming.MaxNumTexturesToStreamPerFrame:0]]
[2020.05.01-01.37.59:138][  0]LogConfig: Setting CVar [[r.Streaming.Boost:1]]
[2020.05.01-01.37.59:138][  0]LogConfig: Setting CVar [[r.MaxAnisotropy:8]]
[2020.05.01-01.37.59:138][  0]LogConfig: Setting CVar [[r.Streaming.LimitPoolSizeToVRAM:0]]
[2020.05.01-01.37.59:138][  0]LogConfig: Setting CVar [[r.Streaming.PoolSize:1000]]
[2020.05.01-01.37.59:138][  0]LogConfig: Setting CVar [[r.Streaming.MaxEffectiveScreenSize:0]]
[2020.05.01-01.37.59:138][  0]LogConfig: Applying CVar settings from Section [EffectsQuality@3] File [D:/gitroot/HTUE4_1/aki0018/FirstProject/VehicleTutorial/Saved/Config/Windows/Scalability.ini]
[2020.05.01-01.37.59:138][  0]LogConfig: Setting CVar [[r.TranslucencyLightingVolumeDim:64]]
[2020.05.01-01.37.59:138][  0]LogConfig: Setting CVar [[r.RefractionQuality:2]]
[2020.05.01-01.37.59:138][  0]LogConfig: Setting CVar [[r.SSR.Quality:3]]
[2020.05.01-01.37.59:138][  0]LogConfig: Setting CVar [[r.SceneColorFormat:4]]
[2020.05.01-01.37.59:138][  0]LogConfig: Setting CVar [[r.DetailMode:2]]
[2020.05.01-01.37.59:138][  0]LogConfig: Setting CVar [[r.TranslucencyVolumeBlur:1]]
[2020.05.01-01.37.59:138][  0]LogConfig: Setting CVar [[r.MaterialQualityLevel:1 ; High quality]]
[2020.05.01-01.37.59:138][  0]LogConfig: Setting CVar [[r.SSS.Scale:1]]
[2020.05.01-01.37.59:138][  0]LogConfig: Setting CVar [[r.SSS.SampleSet:2]]
[2020.05.01-01.37.59:138][  0]LogConfig: Setting CVar [[r.SSS.Quality:1]]
[2020.05.01-01.37.59:138][  0]LogConfig: Setting CVar [[r.SSS.HalfRes:1]]
[2020.05.01-01.37.59:138][  0]LogConfig: Setting CVar [[r.EmitterSpawnRateScale:1.0]]
[2020.05.01-01.37.59:138][  0]LogConfig: Setting CVar [[r.ParticleLightQuality:2]]
[2020.05.01-01.37.59:138][  0]LogConfig: Applying CVar settings from Section [FoliageQuality@3] File [D:/gitroot/HTUE4_1/aki0018/FirstProject/VehicleTutorial/Saved/Config/Windows/Scalability.ini]
[2020.05.01-01.37.59:138][  0]LogConfig: Setting CVar [[foliage.DensityScale:1.0]]
[2020.05.01-01.37.59:138][  0]LogConfig: Setting CVar [[grass.DensityScale:1.0]]
[2020.05.01-01.37.59:138][  0]LogConfig: Applying CVar settings from Section [Startup] File [../../../Engine/Config/ConsoleVariables.ini]
[2020.05.01-01.37.59:138][  0]LogConfig: Setting CVar [[net.UseAdaptiveNetUpdateFrequency:0]]
[2020.05.01-01.37.59:138][  0]LogConfig: Applying CVar settings from Section [ConsoleVariables] File [D:/gitroot/HTUE4_1/aki0018/FirstProject/VehicleTutorial/Saved/Config/Windows/Engine.ini]
[2020.05.01-01.37.59:139][  0]LogInit: Computer: AKI
[2020.05.01-01.37.59:139][  0]LogInit: User: akito
[2020.05.01-01.37.59:139][  0]LogInit: CPU Page size=4096, Cores=4
[2020.05.01-01.37.59:139][  0]LogInit: High frequency timer resolution =10.000000 MHz
[2020.05.01-01.37.59:139][  0]LogMemory: Memory total: Physical=16.0GB (16GB approx)
[2020.05.01-01.37.59:139][  0]LogMemory: Platform Memory Stats for Windows
[2020.05.01-01.37.59:139][  0]LogMemory: Process Physical Memory: 103.42 MB used, 103.42 MB peak
[2020.05.01-01.37.59:139][  0]LogMemory: Process Virtual Memory: 89.85 MB used, 89.85 MB peak
[2020.05.01-01.37.59:139][  0]LogMemory: Physical Memory: 6751.74 MB used,  9583.70 MB free, 16335.44 MB total
[2020.05.01-01.37.59:139][  0]LogMemory: Virtual Memory: 4620.10 MB used,  134213104.00 MB free, 134217728.00 MB total
[2020.05.01-01.37.59:160][  0]LogInit: Overriding language with editor language configuration option (ja).
[2020.05.01-01.37.59:160][  0]LogInit: Overriding locale with editor locale configuration option (ja).
[2020.05.01-01.37.59:517][  0]LogStreaming: Display: Took  0.357s to InitEngineTextLocalization.
[2020.05.01-01.37.59:517][  0]LogInit: Setting process to per monitor DPI aware
[2020.05.01-01.37.59:566][  0]LogSlate: New Slate User Created.  User Index 0, Is Virtual User: 0
[2020.05.01-01.37.59:566][  0]LogSlate: Slate User Registered.  User Index 0, Is Virtual User: 0
[2020.05.01-01.37.59:911][  0]LogHMD: Failed to initialize OpenVR with code 110
[2020.05.01-01.37.59:911][  0]LogD3D11RHI: D3D11 adapters:
[2020.05.01-01.37.59:966][  0]LogD3D11RHI:    0. 'NVIDIA GeForce GTX 1060 6GB' (Feature Level 11_0)
[2020.05.01-01.37.59:966][  0]LogD3D11RHI:       6052/0/8167 MB DedicatedVideo/DedicatedSystem/SharedSystem, Outputs:1, VendorId:0x10de
[2020.05.01-01.37.59:968][  0]LogD3D11RHI:    1. 'Microsoft Basic Render Driver' (Feature Level 11_0)
[2020.05.01-01.37.59:968][  0]LogD3D11RHI:       0/0/8167 MB DedicatedVideo/DedicatedSystem/SharedSystem, Outputs:0, VendorId:0x1414
[2020.05.01-01.37.59:968][  0]LogD3D11RHI: Chosen D3D11 Adapter: 0
[2020.05.01-01.37.59:975][  0]LogD3D11RHI: Creating new Direct3DDevice
[2020.05.01-01.37.59:975][  0]LogD3D11RHI:     GPU DeviceId: 0x1c03 (for the marketing name, search the web for "GPU Device Id")
[2020.05.01-01.37.59:975][  0]LogWindows: EnumDisplayDevices:
[2020.05.01-01.37.59:975][  0]LogWindows:    0. 'NVIDIA GeForce GTX 1060 6GB' (P:1 D:1)
[2020.05.01-01.37.59:976][  0]LogWindows:    1. 'NVIDIA GeForce GTX 1060 6GB' (P:0 D:0)
[2020.05.01-01.37.59:976][  0]LogWindows:    2. 'NVIDIA GeForce GTX 1060 6GB' (P:0 D:0)
[2020.05.01-01.37.59:976][  0]LogWindows:    3. 'NVIDIA GeForce GTX 1060 6GB' (P:0 D:0)
[2020.05.01-01.37.59:976][  0]LogWindows: DebugString: FoundDriverCount:4 
[2020.05.01-01.37.59:976][  0]LogD3D11RHI:     Adapter Name: NVIDIA GeForce GTX 1060 6GB
[2020.05.01-01.37.59:976][  0]LogD3D11RHI:   Driver Version: 445.87 (internal:26.21.14.4587, unified:445.87)
[2020.05.01-01.37.59:976][  0]LogD3D11RHI:      Driver Date: 4-3-2020
[2020.05.01-01.37.59:976][  0]LogRHI: Texture pool is 4236 MB (70% of 6052 MB)
[2020.05.01-01.38.00:018][  0]LogD3D11RHI: Async texture creation enabled
[2020.05.01-01.38.00:038][  0]LogD3D11RHI: GPU Timing Frequency: 1000.000000 (Debug: 2 1)
[2020.05.01-01.38.00:366][  0]LogTemp: Display: Loaded TP AllDesktopTargetPlatform
[2020.05.01-01.38.00:378][  0]LogTemp: Display: Loaded TP MacClientTargetPlatform
[2020.05.01-01.38.00:390][  0]LogTemp: Display: Loaded TP MacNoEditorTargetPlatform
[2020.05.01-01.38.00:402][  0]LogTemp: Display: Loaded TP MacServerTargetPlatform
[2020.05.01-01.38.00:415][  0]LogTemp: Display: Loaded TP MacTargetPlatform
[2020.05.01-01.38.00:427][  0]LogTemp: Display: Loaded TP WindowsClientTargetPlatform
[2020.05.01-01.38.00:440][  0]LogTemp: Display: Loaded TP WindowsNoEditorTargetPlatform
[2020.05.01-01.38.00:453][  0]LogTemp: Display: Loaded TP WindowsServerTargetPlatform
[2020.05.01-01.38.00:458][  0]LogTemp: Display: Loaded TP WindowsTargetPlatform
[2020.05.01-01.38.00:531][  0]LogTemp: Display: Loaded TP AndroidTargetPlatform
[2020.05.01-01.38.00:531][  0]LogTemp: Display: Loaded TP AndroidTargetPlatform
[2020.05.01-01.38.00:531][  0]LogTemp: Display: Loaded TP AndroidTargetPlatform
[2020.05.01-01.38.00:531][  0]LogTemp: Display: Loaded TP AndroidTargetPlatform
[2020.05.01-01.38.00:531][  0]LogTemp: Display: Loaded TP AndroidTargetPlatform
[2020.05.01-01.38.00:531][  0]LogTemp: Display: Loaded TP AndroidTargetPlatform
[2020.05.01-01.38.00:531][  0]LogTemp: Display: Loaded TP AndroidTargetPlatform
[2020.05.01-01.38.00:531][  0]LogTemp: Display: Loaded TP AndroidTargetPlatform
[2020.05.01-01.38.00:531][  0]LogTemp: Display: Loaded TP AndroidTargetPlatform
[2020.05.01-01.38.00:531][  0]LogTemp: Display: Loaded TP AndroidTargetPlatform
[2020.05.01-01.38.00:531][  0]LogTemp: Display: Loaded TP AndroidTargetPlatform
[2020.05.01-01.38.00:531][  0]LogTemp: Display: Loaded TP AndroidTargetPlatform
[2020.05.01-01.38.00:531][  0]LogTemp: Display: Loaded TP AndroidTargetPlatform
[2020.05.01-01.38.00:531][  0]LogTemp: Display: Loaded TP AndroidTargetPlatform
[2020.05.01-01.38.00:531][  0]LogTemp: Display: Loaded TP AndroidTargetPlatform
[2020.05.01-01.38.00:531][  0]LogTemp: Display: Loaded TP AndroidTargetPlatform
[2020.05.01-01.38.00:531][  0]LogTemp: Display: Loaded TP AndroidTargetPlatform
[2020.05.01-01.38.00:531][  0]LogTemp: Display: Loaded TP AndroidTargetPlatform
[2020.05.01-01.38.00:533][  0]LogTemp: Display: Loaded TP HTML5TargetPlatform
[2020.05.01-01.38.00:594][  0]LogTemp: Display: Loaded TP IOSTargetPlatform
[2020.05.01-01.38.00:594][  0]LogTemp: Display: Loaded TP IOSTargetPlatform
[2020.05.01-01.38.00:620][  0]LogTemp: Display: Loaded TP TVOSTargetPlatform
[2020.05.01-01.38.00:620][  0]LogTemp: Display: Loaded TP TVOSTargetPlatform
[2020.05.01-01.38.00:631][  0]LogTemp: Display: Loaded TP LinuxClientTargetPlatform
[2020.05.01-01.38.00:642][  0]LogTemp: Display: Loaded TP LinuxNoEditorTargetPlatform
[2020.05.01-01.38.00:654][  0]LogTemp: Display: Loaded TP LinuxServerTargetPlatform
[2020.05.01-01.38.00:667][  0]LogTemp: Display: Loaded TP LinuxTargetPlatform
[2020.05.01-01.38.00:709][  0]LogTemp: Display: Loaded TP LuminTargetPlatform
[2020.05.01-01.38.00:709][  0]LogTemp: Display: Loaded TP LuminTargetPlatform
[2020.05.01-01.38.00:709][  0]LogTargetPlatformManager: Display: Building Assets For Windows
[2020.05.01-01.38.00:758][  0]LogShaderCompilers: Guid format shader working directory is -22 characters bigger than the processId version (../../../../../gitroot/HTUE4_1/aki0018/FirstProject/VehicleTutorial/Intermediate/Shaders/WorkingDirectory/13668/).
[2020.05.01-01.38.00:758][  0]LogShaderCompilers: Cleaned the shader compiler working directory 'C:/Users/slipk/AppData/Local/Temp/UnrealShaderWorkingDir/783C3CB34CB30B1DDCF764A2143363B0/'.
[2020.05.01-01.38.00:760][  0]LogXGEController: Cannot use XGE Controller as Incredibuild is not installed on this machine.
[2020.05.01-01.38.00:760][  0]LogShaderCompilers: Cannot use XGE Shader Compiler as Incredibuild is not installed on this machine.
[2020.05.01-01.38.00:760][  0]LogShaderCompilers: Display: Using Local Shader Compiler.
[2020.05.01-01.38.01:310][  0]LogDerivedDataCache: Display: Max Cache Size: 512 MB
[2020.05.01-01.38.01:360][  0]LogDerivedDataCache: Loaded boot cache 0.05s 71MB C:/Users/slipk/AppData/Local/UnrealEngine/4.21/DerivedDataCache/Boot.ddc.
[2020.05.01-01.38.01:360][  0]LogDerivedDataCache: Display: Loaded Boot cache: C:/Users/slipk/AppData/Local/UnrealEngine/4.21/DerivedDataCache/Boot.ddc
[2020.05.01-01.38.01:361][  0]LogDerivedDataCache: FDerivedDataBackendGraph:  Pak pak cache file ../../../../../gitroot/HTUE4_1/aki0018/FirstProject/VehicleTutorial/DerivedDataCache/DDC.ddp not found, will not use a pak cache.
[2020.05.01-01.38.01:361][  0]LogDerivedDataCache: Unable to find inner node Pak for hierarchical cache Hierarchy.
[2020.05.01-01.38.01:361][  0]LogDerivedDataCache: FDerivedDataBackendGraph:  CompressedPak pak cache file ../../../../../gitroot/HTUE4_1/aki0018/FirstProject/VehicleTutorial/DerivedDataCache/Compressed.ddp not found, will not use a pak cache.
[2020.05.01-01.38.01:361][  0]LogDerivedDataCache: Unable to find inner node CompressedPak for hierarchical cache Hierarchy.
[2020.05.01-01.38.01:378][  0]LogDerivedDataCache: Display: Pak cache opened for reading ../../../Engine/DerivedDataCache/Compressed.ddp.
[2020.05.01-01.38.01:378][  0]LogDerivedDataCache: FDerivedDataBackendGraph:  EnterprisePak pak cache file ../../../Enterprise/DerivedDataCache/Compressed.ddp not found, will not use a pak cache.
[2020.05.01-01.38.01:378][  0]LogDerivedDataCache: Unable to find inner node EnterprisePak for hierarchical cache Hierarchy.
[2020.05.01-01.38.01:390][  0]LogDerivedDataCache: Using Local data cache path C:/Users/slipk/AppData/Local/UnrealEngine/Common/DerivedDataCache: Writable
[2020.05.01-01.38.01:390][  0]LogDerivedDataCache: Shared data cache path not found in *engine.ini, will not use an Shared cache.
[2020.05.01-01.38.01:390][  0]LogDerivedDataCache: Unable to find inner node Shared for hierarchical cache Hierarchy.
[2020.05.01-01.38.01:412][  0]LogMaterial: Verifying Global Shaders for PCD3D_SM5
[2020.05.01-01.38.01:413][  0]LogSlate: Using FreeType 2.6.0
[2020.05.01-01.38.01:414][  0]LogSlate: SlateFontServices - WITH_FREETYPE: 1, WITH_HARFBUZZ: 1
[2020.05.01-01.38.01:515][  0]LogAssetRegistry: FAssetRegistry took 0.0331 seconds to start up
[2020.05.01-01.38.01:817][  0]LogInit: Selected Device Profile: [Windows]
[2020.05.01-01.38.01:959][  0]LogSimplygon: Simplygon DLL not present - disabling.
[2020.05.01-01.38.01:962][  0]LogMeshReduction: Using SimplygonSwarm for distributed automatic mesh merging
[2020.05.01-01.38.01:962][  0]LogMeshReduction: Using ProxyLODMeshReduction for automatic mesh merging
[2020.05.01-01.38.01:962][  0]LogMeshReduction: Using QuadricMeshReduction for automatic static mesh reduction
[2020.05.01-01.38.01:962][  0]LogMeshReduction: No automatic skeletal mesh reduction module available
[2020.05.01-01.38.01:976][  0]LogNetVersion: VehicleTutorial 1.0.0, NetCL: 4541578, EngineNetVer: 5, GameNetVer: 0 (Checksum: 223287090)
[2020.05.01-01.38.02:410][  0]LogPackageLocalizationCache: Processed 11 localized package path(s) for 1 prioritized culture(s) in 0.035464 seconds
[2020.05.01-01.38.02:416][  0]LogUObjectArray: 39775 objects as part of root set at end of initial load.
[2020.05.01-01.38.02:416][  0]LogUObjectAllocator: 6914656 out of 0 bytes used by permanent object pool.
[2020.05.01-01.38.02:416][  0]LogUObjectArray: CloseDisregardForGC: 0/0 objects in disregard for GC pool
[2020.05.01-01.38.03:406][  0]LogTcpMessaging: Initializing TcpMessaging bridge
[2020.05.01-01.38.03:420][  0]LogUdpMessaging: Initializing bridge on interface 0.0.0.0:0 to multicast group 230.0.0.1:6666.
[2020.05.01-01.38.04:282][  0]SourceControl: ソースコントロールは無効です
[2020.05.01-01.38.04:282][  0]SourceControl: ソースコントロールは無効です
[2020.05.01-01.38.04:283][  0]SourceControl: ソースコントロールは無効です
[2020.05.01-01.38.04:284][  0]SourceControl: ソースコントロールは無効です
[2020.05.01-01.38.04:447][  0]LogAndroidPermission: UAndroidPermissionCallbackProxy::GetInstance
[2020.05.01-01.38.04:822][  0]LogOcInput: OculusInput pre-init called
[2020.05.01-01.38.04:955][  0]LogEngine: Initializing Engine...
[2020.05.01-01.38.04:956][  0]LogHMD: Failed to initialize OpenVR with code 110
[2020.05.01-01.38.04:957][  0]LogStats: UGameplayTagsManager::ConstructGameplayTagTree: ImportINI prefixes -  0.000 s
[2020.05.01-01.38.04:957][  0]LogStats: UGameplayTagsManager::ConstructGameplayTagTree: Construct from data asset -  0.000 s
[2020.05.01-01.38.04:957][  0]LogStats: UGameplayTagsManager::ConstructGameplayTagTree: ImportINI -  0.000 s
[2020.05.01-01.38.04:957][  0]LogStats: UGameplayTagsManager::ConstructGameplayTagTree: GameplayTagTreeChangedEvent.Broadcast -  0.000 s
[2020.05.01-01.38.05:177][  0]LogInit: Initializing FReadOnlyCVARCache
[2020.05.01-01.38.05:188][  0]LogAIModule: Creating AISystem for world Untitled
[2020.05.01-01.38.05:367][  0]LogInit: XAudio2 using 'Speakers (Sound Blaster Play! 3)' : 2 channels at 48 kHz using 24 bits per sample (channel mask 0x3)
[2020.05.01-01.38.05:402][  0]LogInit: FAudioDevice initialized.
[2020.05.01-01.38.05:402][  0]LogNetVersion: Set ProjectVersion to 1.0.0.0. Version Checksum will be recalculated on next use.
[2020.05.01-01.38.05:566][  0]LogDerivedDataCache: Saved boot cache 0.16s 71MB C:/Users/slipk/AppData/Local/UnrealEngine/4.21/DerivedDataCache/Boot.ddc.
[2020.05.01-01.38.05:573][  0]LogInit: Texture streaming: Enabled
[2020.05.01-01.38.05:589][  0]LogEngineSessionManager: EngineSessionManager initialized
[2020.05.01-01.38.05:600][  0]LogInit: Transaction tracking system initialized
[2020.05.01-01.38.05:619][  0]BlueprintLog: New page: エディタの読み込み
[2020.05.01-01.38.05:685][  0]LocalizationService: ローカライズのサービスが無効になりました
[2020.05.01-01.38.06:091][  0]LogCook: Display: Max memory allowance for cook 16384mb min free memory 0mb
[2020.05.01-01.38.06:091][  0]LogCook: Display: Mobile HDR setting 1
[2020.05.01-01.38.06:091][  0]LogGameplayTags: Display: UGameplayTagsManager::DoneAddingNativeTags. DelegateIsBound: 0
[2020.05.01-01.38.06:092][  0]LogStats: UGameplayTagsManager::ConstructGameplayTagTree: ImportINI prefixes -  0.000 s
[2020.05.01-01.38.06:092][  0]LogStats: UGameplayTagsManager::ConstructGameplayTagTree: Construct from data asset -  0.000 s
[2020.05.01-01.38.06:092][  0]LogStats: UGameplayTagsManager::ConstructGameplayTagTree: ImportINI -  0.000 s
[2020.05.01-01.38.06:092][  0]LogStats: UGameplayTagsManager::ConstructGameplayTagTree: GameplayTagTreeChangedEvent.Broadcast -  0.000 s
[2020.05.01-01.38.06:220][  0]LogFileCache: Scanning file cache for directory 'D:/gitroot/HTUE4_1/aki0018/FirstProject/VehicleTutorial/Content/' took 0.02s
[2020.05.01-01.38.06:220][  0]SourceControl: ソースコントロールは無効です
[2020.05.01-01.38.06:220][  0]Cmd: MAP LOAD FILE="../../../../../gitroot/HTUE4_1/aki0018/FirstProject/VehicleTutorial/Content/VehicleBP/Maps/VehicleExampleMap.umap" TEMPLATE=0 SHOWPROGRESS=1 FEATURELEVEL=3
[2020.05.01-01.38.06:220][  0]LightingResults: New page: ライティングのビルド
[2020.05.01-01.38.06:222][  0]MapCheck: New page: マップをチェック
[2020.05.01-01.38.06:222][  0]LightingResults: New page: <何も選択されていません>
[2020.05.01-01.38.06:699][  0]LogAIModule: Creating AISystem for world VehicleExampleMap
[2020.05.01-01.38.06:711][  0]LogEditorServer: Finished looking for orphan Actors (0.000 secs)
[2020.05.01-01.38.06:734][  0]Cmd: MAP CHECKDEP NOCLEARLOG
[2020.05.01-01.38.06:734][  0]MapCheck: マップチェックが完了: 0 エラー、 0 警告、完了に 0.109ミリ秒かかりました。
[2020.05.01-01.38.06:734][  0]LogFileHelpers: Loading map 'VehicleExampleMap' took 0.514
[2020.05.01-01.38.06:840][  0]LogSlate: Updating window title bar state: overlay mode, drag disabled, window buttons hidden, title bar hidden
[2020.05.01-01.38.06:847][  0]LogSlate: Updating window title bar state: overlay mode, drag disabled, window buttons hidden, title bar hidden
[2020.05.01-01.38.06:854][  0]LogSlate: Updating window title bar state: overlay mode, drag disabled, window buttons hidden, title bar hidden
[2020.05.01-01.38.06:861][  0]LogSlate: Updating window title bar state: overlay mode, drag disabled, window buttons hidden, title bar hidden
[2020.05.01-01.38.06:867][  0]LogCollectionManager: Loaded 0 collections in 0.001690 seconds
[2020.05.01-01.38.06:905][  0]LogFileCache: Scanning file cache for directory 'D:/gitroot/HTUE4_1/aki0018/FirstProject/VehicleTutorial/Saved/Collections/' took 0.01s
[2020.05.01-01.38.06:905][  0]LogFileCache: Scanning file cache for directory 'D:/gitroot/HTUE4_1/aki0018/FirstProject/VehicleTutorial/Content/Developers/akito/Collections/' took 0.01s
[2020.05.01-01.38.06:905][  0]LogFileCache: Scanning file cache for directory 'D:/gitroot/HTUE4_1/aki0018/FirstProject/VehicleTutorial/Content/Collections/' took 0.01s
[2020.05.01-01.38.06:905][  0]LogCollectionManager: Rebuilt the GUID cache for 0 collections in 0.000000 seconds
[2020.05.01-01.38.06:914][  0]LogContentBrowser: Native class hierarchy populated in 0.0085 seconds. Added 2653 classes and 623 folders.
[2020.05.01-01.38.06:919][  0]LogContentBrowser: Native class hierarchy updated for 'WidgetCarousel' in 0.0003 seconds. Added 0 classes and 0 folders.
[2020.05.01-01.38.06:921][  0]LogPakFile: Registered encryption key '00000000000000000000000000000000': 0 pak files mounted, 0 remain pending
[2020.05.01-01.38.06:922][  0]LogPakFile: Registered encryption key '00000000000000000000000000000000': 0 pak files mounted, 0 remain pending
[2020.05.01-01.38.06:923][  0]LogPakFile: Registered encryption key '00000000000000000000000000000000': 0 pak files mounted, 0 remain pending
[2020.05.01-01.38.06:923][  0]LogPakFile: Registered encryption key '00000000000000000000000000000000': 0 pak files mounted, 0 remain pending
[2020.05.01-01.38.06:924][  0]LogPakFile: Registered encryption key '00000000000000000000000000000000': 0 pak files mounted, 0 remain pending
[2020.05.01-01.38.06:925][  0]LogPakFile: Registered encryption key '00000000000000000000000000000000': 0 pak files mounted, 0 remain pending
[2020.05.01-01.38.06:926][  0]LogPakFile: Registered encryption key '00000000000000000000000000000000': 0 pak files mounted, 0 remain pending
[2020.05.01-01.38.06:926][  0]LogPakFile: Registered encryption key '00000000000000000000000000000000': 0 pak files mounted, 0 remain pending
[2020.05.01-01.38.06:927][  0]LogPakFile: Registered encryption key '00000000000000000000000000000000': 0 pak files mounted, 0 remain pending
[2020.05.01-01.38.06:928][  0]LogPakFile: Registered encryption key '00000000000000000000000000000000': 0 pak files mounted, 0 remain pending
[2020.05.01-01.38.06:928][  0]LogPakFile: Registered encryption key '00000000000000000000000000000000': 0 pak files mounted, 0 remain pending
[2020.05.01-01.38.06:930][  0]LogPakFile: Registered encryption key '00000000000000000000000000000000': 0 pak files mounted, 0 remain pending
[2020.05.01-01.38.06:930][  0]LogPakFile: Registered encryption key '00000000000000000000000000000000': 0 pak files mounted, 0 remain pending
[2020.05.01-01.38.06:931][  0]LogPakFile: Registered encryption key '00000000000000000000000000000000': 0 pak files mounted, 0 remain pending
[2020.05.01-01.38.06:932][  0]LogPakFile: Registered encryption key '00000000000000000000000000000000': 0 pak files mounted, 0 remain pending
[2020.05.01-01.38.06:932][  0]LogPakFile: Registered encryption key '00000000000000000000000000000000': 0 pak files mounted, 0 remain pending
[2020.05.01-01.38.06:933][  0]LogPakFile: Registered encryption key '00000000000000000000000000000000': 0 pak files mounted, 0 remain pending
[2020.05.01-01.38.06:934][  0]LogPakFile: Registered encryption key '00000000000000000000000000000000': 0 pak files mounted, 0 remain pending
[2020.05.01-01.38.06:935][  0]LogPakFile: Registered encryption key '00000000000000000000000000000000': 0 pak files mounted, 0 remain pending
[2020.05.01-01.38.06:935][  0]LogPakFile: Registered encryption key '00000000000000000000000000000000': 0 pak files mounted, 0 remain pending
[2020.05.01-01.38.06:936][  0]LogPakFile: Registered encryption key '00000000000000000000000000000000': 0 pak files mounted, 0 remain pending
[2020.05.01-01.38.06:937][  0]LogPakFile: Registered encryption key '00000000000000000000000000000000': 0 pak files mounted, 0 remain pending
[2020.05.01-01.38.06:938][  0]LogPakFile: Registered encryption key '00000000000000000000000000000000': 0 pak files mounted, 0 remain pending
[2020.05.01-01.38.06:938][  0]LogPakFile: Registered encryption key '00000000000000000000000000000000': 0 pak files mounted, 0 remain pending
[2020.05.01-01.38.06:939][  0]LogPakFile: Registered encryption key '00000000000000000000000000000000': 0 pak files mounted, 0 remain pending
[2020.05.01-01.38.06:940][  0]LogPakFile: Registered encryption key '00000000000000000000000000000000': 0 pak files mounted, 0 remain pending
[2020.05.01-01.38.07:001][  0]LogContentBrowser: Native class hierarchy updated for 'AddContentDialog' in 0.0003 seconds. Added 0 classes and 0 folders.
[2020.05.01-01.38.08:074][  0]LogSlate: Only BGRA pngs, bmps or icos are supported in by External Image Picker
[2020.05.01-01.38.08:148][  0]LogTemp: Executing iPhonePackager certificates Engine -bundlename com.YourCompany.VehicleTutorial
[2020.05.01-01.38.08:148][  0]LogTemp: CWD: D:\Epic Games\UE_4.21\Engine\Binaries\DotNET\IOS
[2020.05.01-01.38.08:149][  0]LogTemp: Initial Dir: D:\Epic Games\UE_4.21
[2020.05.01-01.38.08:149][  0]LogTemp: Env CWD: D:\Epic Games\UE_4.21\Engine\Binaries\DotNET\IOS
[2020.05.01-01.38.08:149][  0]LogTemp: BranchPath = AKI/D/Epic Games/UE_4.21/Engine/Binaries --- GameBranchPath = AKI/D/Epic Games/UE_4.21/Engine/Binaries
[2020.05.01-01.38.08:149][  0]LogContentBrowser: Native class hierarchy updated for 'SceneOutliner' in 0.0004 seconds. Added 1 classes and 2 folders.
[2020.05.01-01.38.08:164][  0]LogTemp: IPP ERROR: Could not find provision directory 'C:\Users\slipk\AppData\Local/Apple Computer/MobileDevice/Provisioning Profiles/'.
[2020.05.01-01.38.08:165][  0]LogSlate: Took 0.000366 seconds to synchronously load lazily loaded font '../../../Engine/Content/Slate/Fonts/Roboto-Regular.ttf' (155K)
[2020.05.01-01.38.08:167][  0]LogSlate: Took 0.000724 seconds to synchronously load lazily loaded font '../../../Engine/Content/Editor/Slate/Fonts/GenEiGothicPro-Regular.otf' (707K)
[2020.05.01-01.38.08:168][  0]LogSlate: Took 0.000700 seconds to synchronously load lazily loaded font '../../../Engine/Content/Editor/Slate/Fonts/GenEiGothicPro-Bold.otf' (698K)
[2020.05.01-01.38.08:169][  0]LogSlate: Took 0.000366 seconds to synchronously load lazily loaded font '../../../Engine/Content/Slate/Fonts/Roboto-Bold.ttf' (160K)
[2020.05.01-01.38.08:173][  0]LogSlate: Took 0.000456 seconds to synchronously load lazily loaded font '../../../Engine/Content/Editor/Slate/Fonts/FontAwesome.ttf' (139K)
[2020.05.01-01.38.08:251][  0]LogRenderer: Reallocating scene render targets to support 1148x576 Format 10 NumSamples 1 (Frame:1).
[2020.05.01-01.38.08:293][  0]LogSlate: Took 0.000291 seconds to synchronously load lazily loaded font '../../../Engine/Content/Slate/Fonts/Roboto-Light.ttf' (167K)
[2020.05.01-01.38.08:360][  0]LogContentBrowser: Native class hierarchy updated for 'HierarchicalLODOutliner' in 0.0004 seconds. Added 0 classes and 0 folders.
[2020.05.01-01.38.08:360][  0]LogLoad: (Engine Initialization) Total time: 11.46 seconds
[2020.05.01-01.38.08:360][  0]LogLoad: (Engine Initialization) Total Blueprint compile time: 0.00 seconds
[2020.05.01-01.38.08:375][  0]LogRawInputWindows: Warning: Found device 0 devices
[2020.05.01-01.38.08:375][  0]LogRawInputWindows: Warning: Found device 0 devices
[2020.05.01-01.38.08:375][  0]LogRawInputWindows: Warning: Device was registered succesfully but not connected (Usage:4 UsagePage:1)
[2020.05.01-01.38.08:375][  0]LogRawInputWindows: Warning: Found device 1 devices
[2020.05.01-01.38.08:375][  0]LogRawInputWindows: VenderID:45e ProductID:28e
[2020.05.01-01.38.08:375][  0]LogRawInputWindows: Device was registered succesfully and is connected (Usage:5 UsagePage:1)
[2020.05.01-01.38.08:449][  0]LogContentStreaming: Texture pool size now 1000 MB
[2020.05.01-01.38.08:553][  2]LogAssetRegistry: Asset discovery search completed in 7.0605 seconds
[2020.05.01-01.38.08:556][  2]LogCollectionManager: Rebuilt the object cache for 0 collections in 0.000001 seconds (found 0 objects)
[2020.05.01-01.38.08:556][  2]LogCollectionManager: Fixed up redirectors for 0 collections in 0.000096 seconds (updated 0 objects)
[2020.05.01-01.38.09:499][ 97]LogSlate: Took 0.000622 seconds to synchronously load lazily loaded font '../../../Engine/Content/Editor/Slate/Fonts/GenEiGothicPro-Light.otf' (713K)
[2020.05.01-01.38.09:499][ 97]LogSlate: Took 0.000267 seconds to synchronously load lazily loaded font '../../../Engine/Content/Slate/Fonts/Roboto-Light.ttf' (167K)
[2020.05.01-01.43.18:113][ 80]LogSlate: FSceneViewport::OnFocusLost() reason 0
[2020.05.01-01.43.18:311][ 93]LogAssetEditorManager: Opening Asset editor for Blueprint /Game/BP_Bullet.BP_Bullet
[2020.05.01-01.43.18:724][ 93]LogContentBrowser: Native class hierarchy updated for 'BlueprintGraph' in 0.0007 seconds. Added 117 classes and 0 folders.
[2020.05.01-01.43.19:424][ 93]LogAssetEditorManager: Opening Asset editor for Blueprint /Game/VehicleBP/Sedan/Sedan.Sedan
[2020.05.01-01.43.19:712][ 93]LogSlate: Took 0.000651 seconds to synchronously load lazily loaded font '../../../Engine/Content/Editor/Slate/Fonts/GenEiGothicPro-SemiBold.otf' (703K)
[2020.05.01-01.43.19:713][ 93]LogSlate: Took 0.000218 seconds to synchronously load lazily loaded font '../../../Engine/Content/Slate/Fonts/Roboto-BoldCondensed.ttf' (158K)
[2020.05.01-01.43.19:873][ 94]LogSlate: Took 0.000339 seconds to synchronously load lazily loaded font '../../../Engine/Content/Slate/Fonts/Roboto-Italic.ttf' (157K)
[2020.05.01-01.43.28:142][578]LogSlate: Window 'Sedan' being destroyed
[2020.05.01-01.56.04:120][ 57]LogUProjectInfo: Found projects:
[2020.05.01-01.56.05:258][186]Cmd: CLOSE_SLATE_MAINFRAME
[2020.05.01-01.56.05:413][186]LogActorComponent: UnregisterComponent: (/Engine/Transient.EditorFloorComp) Not registered. Aborting.
[2020.05.01-01.56.05:464][186]LogSlate: Window 'プロジェクトを開く' being destroyed
[2020.05.01-01.56.05:469][186]LogSlate: Window 'VehicleTutorial - Unreal Editor' being destroyed
[2020.05.01-01.56.05:671][187]Cmd: QUIT_EDITOR
[2020.05.01-01.56.05:706][187]LogWindowsTextInputMethodSystem: Display: IME system now activated using TSF (Google 日本語入力).
[2020.05.01-01.56.05:717][187]LogExit: Preparing to exit.
[2020.05.01-01.56.06:129][187]LogExit: Editor shut down
[2020.05.01-01.56.06:129][187]LogExit: Transaction tracking system shut down
[2020.05.01-01.56.06:413][187]LogExit: Object subsystem successfully closed.
[2020.05.01-01.56.06:430][187]LogShaderCompilers: Display: Shaders left to compile 0
[2020.05.01-01.56.06:433][187]LogD3D11RHI: Shutdown
[2020.05.01-01.56.06:433][187]LogD3D11RHI: CleanupD3DDevice
[2020.05.01-01.56.06:435][187]LogD3D11RHI: ~FD3D11DynamicRHI
[2020.05.01-01.56.06:443][187]LogModuleManager: Shutting down and abandoning module BlueprintGraph (628)
[2020.05.01-01.56.06:443][187]LogModuleManager: Shutting down and abandoning module HierarchicalLODOutliner (626)
[2020.05.01-01.56.06:443][187]LogModuleManager: Shutting down and abandoning module SceneOutliner (624)
[2020.05.01-01.56.06:443][187]LogModuleManager: Shutting down and abandoning module ExternalImagePicker (622)
[2020.05.01-01.56.06:443][187]LogModuleManager: Shutting down and abandoning module AddContentDialog (620)
[2020.05.01-01.56.06:443][187]LogModuleManager: Shutting down and abandoning module WidgetCarousel (619)
[2020.05.01-01.56.06:443][187]LogModuleManager: Shutting down and abandoning module EditorWidgets (616)
[2020.05.01-01.56.06:443][187]LogModuleManager: Shutting down and abandoning module CollectionManager (614)
[2020.05.01-01.56.06:443][187]LogModuleManager: Shutting down and abandoning module StatsViewer (612)
[2020.05.01-01.56.06:443][187]LogModuleManager: Shutting down and abandoning module FoliageEdit (610)
[2020.05.01-01.56.06:443][187]LogModuleManager: Shutting down and abandoning module LandscapeEditor (608)
[2020.05.01-01.56.06:444][187]LogModuleManager: Shutting down and abandoning module MeshPaintMode (606)
[2020.05.01-01.56.06:444][187]LogModuleManager: Shutting down and abandoning module SceneDepthPickerMode (604)
[2020.05.01-01.56.06:444][187]LogModuleManager: Shutting down and abandoning module ActorPickerMode (602)
[2020.05.01-01.56.06:444][187]LogModuleManager: Shutting down and abandoning module GeometryMode (600)
[2020.05.01-01.56.06:444][187]LogModuleManager: Shutting down and abandoning module TextureAlignMode (598)
[2020.05.01-01.56.06:444][187]LogModuleManager: Shutting down and abandoning module BspMode (596)
[2020.05.01-01.56.06:444][187]LogModuleManager: Shutting down and abandoning module PIEPreviewDeviceProfileSelector (594)
[2020.05.01-01.56.06:444][187]LogModuleManager: Shutting down and abandoning module SequenceRecorderSections (592)
[2020.05.01-01.56.06:444][187]LogModuleManager: Shutting down and abandoning module AutomationWorker (590)
[2020.05.01-01.56.06:444][187]LogModuleManager: Shutting down and abandoning module AudioCaptureEditor (588)
[2020.05.01-01.56.06:444][187]LogModuleManager: Shutting down and abandoning module MatineeToLevelSequence (586)
[2020.05.01-01.56.06:444][187]LogModuleManager: Shutting down and abandoning module LevelSequenceEditor (584)
[2020.05.01-01.56.06:444][187]LogModuleManager: Shutting down and abandoning module PlacementMode (583)
[2020.05.01-01.56.06:444][187]LogModuleManager: Shutting down and abandoning module MaterialEditor (582)
[2020.05.01-01.56.06:444][187]LogModuleManager: Shutting down and abandoning module WmfMediaFactory (578)
[2020.05.01-01.56.06:444][187]LogModuleManager: Shutting down and abandoning module WmfMediaEditor (576)
[2020.05.01-01.56.06:444][187]LogModuleManager: Shutting down and abandoning module WebMMediaFactory (574)
[2020.05.01-01.56.06:444][187]LogModuleManager: Shutting down and abandoning module WebMMediaEditor (572)
[2020.05.01-01.56.06:444][187]LogModuleManager: Shutting down and abandoning module WebMMedia (570)
[2020.05.01-01.56.06:444][187]LogModuleManager: Shutting down and abandoning module MediaPlayerEditor (568)
[2020.05.01-01.56.06:444][187]LogModuleManager: Shutting down and abandoning module MediaCompositingEditor (566)
[2020.05.01-01.56.06:444][187]LogModuleManager: Shutting down and abandoning module SequenceRecorder (565)
[2020.05.01-01.56.06:444][187]LogModuleManager: Shutting down and abandoning module OpenExrWrapper (562)
[2020.05.01-01.56.06:444][187]LogModuleManager: Shutting down and abandoning module ImgMediaFactory (560)
[2020.05.01-01.56.06:444][187]LogModuleManager: Shutting down and abandoning module ImgMediaEditor (558)
[2020.05.01-01.56.06:444][187]LogModuleManager: Shutting down and abandoning module AvfMediaFactory (556)
[2020.05.01-01.56.06:444][187]LogModuleManager: Shutting down and abandoning module AvfMediaEditor (554)
[2020.05.01-01.56.06:444][187]LogModuleManager: Shutting down and abandoning module AndroidMediaFactory (552)
[2020.05.01-01.56.06:444][187]LogModuleManager: Shutting down and abandoning module AndroidMediaEditor (550)
[2020.05.01-01.56.06:444][187]LogModuleManager: Shutting down and abandoning module MagicLeapCameraPreviewFactory (548)
[2020.05.01-01.56.06:444][187]LogModuleManager: Shutting down and abandoning module MagicLeapMediaFactory (546)
[2020.05.01-01.56.06:444][187]LogModuleManager: Shutting down and abandoning module MagicLeapMediaEditor (544)
[2020.05.01-01.56.06:444][187]LogModuleManager: Shutting down and abandoning module CharacterAI (542)
[2020.05.01-01.56.06:444][187]LogModuleManager: Shutting down and abandoning module SmartSnapping (540)
[2020.05.01-01.56.06:444][187]LogModuleManager: Shutting down and abandoning module SessionServices (538)
[2020.05.01-01.56.06:444][187]LogModuleManager: Shutting down and abandoning module ViewportSnapping (536)
[2020.05.01-01.56.06:444][187]LogModuleManager: Shutting down and abandoning module ViewportInteraction (534)
[2020.05.01-01.56.06:444][187]LogModuleManager: Shutting down and abandoning module ClothPainter (532)
[2020.05.01-01.56.06:444][187]LogModuleManager: Shutting down and abandoning module SkeletalMeshEditor (531)
[2020.05.01-01.56.06:444][187]LogModuleManager: Shutting down and abandoning module LogVisualizer (528)
[2020.05.01-01.56.06:444][187]LogModuleManager: Shutting down and abandoning module IntroTutorials (526)
[2020.05.01-01.56.06:445][187]LogModuleManager: Shutting down and abandoning module GameProjectGeneration (525)
[2020.05.01-01.56.06:445][187]LogModuleManager: Shutting down and abandoning module LuminPlatformEditor (522)
[2020.05.01-01.56.06:445][187]LogModuleManager: Shutting down and abandoning module IOSPlatformEditor (520)
[2020.05.01-01.56.06:445][187]LogModuleManager: Shutting down and abandoning module HTML5PlatformEditor (518)
[2020.05.01-01.56.06:445][187]LogModuleManager: Shutting down and abandoning module AndroidPlatformEditor (516)
[2020.05.01-01.56.06:445][187]LogModuleManager: Shutting down and abandoning module AndroidDeviceDetection (515)
[2020.05.01-01.56.06:567][187]LogModuleManager: Shutting down and abandoning module WindowsPlatformEditor (512)
[2020.05.01-01.56.06:567][187]LogModuleManager: Shutting down and abandoning module LuminRuntimeSettings (510)
[2020.05.01-01.56.06:567][187]LogModuleManager: Shutting down and abandoning module IOSRuntimeSettings (508)
[2020.05.01-01.56.06:567][187]LogModuleManager: Shutting down and abandoning module AndroidRuntimeSettings (506)
[2020.05.01-01.56.06:567][187]LogModuleManager: Shutting down and abandoning module TimeManagementEditor (504)
[2020.05.01-01.56.06:567][187]LogModuleManager: Shutting down and abandoning module InputBindingEditor (502)
[2020.05.01-01.56.06:567][187]LogModuleManager: Shutting down and abandoning module MergeActors (500)
[2020.05.01-01.56.06:567][187]LogModuleManager: Shutting down and abandoning module LocalizationDashboard (498)
[2020.05.01-01.56.06:567][187]LogModuleManager: Shutting down and abandoning module LocalizationService (497)
[2020.05.01-01.56.06:567][187]LogModuleManager: Shutting down and abandoning module HardwareTargeting (494)
[2020.05.01-01.56.06:567][187]LogModuleManager: Shutting down and abandoning module DeviceProfileEditor (492)
[2020.05.01-01.56.06:567][187]LogModuleManager: Shutting down and abandoning module UndoHistory (490)
[2020.05.01-01.56.06:567][187]LogModuleManager: Shutting down and abandoning module XmlParser (488)
[2020.05.01-01.56.06:567][187]LogModuleManager: Shutting down and abandoning module Blutility (486)
[2020.05.01-01.56.06:568][187]LogModuleManager: Shutting down and abandoning module ProjectSettingsViewer (484)
[2020.05.01-01.56.06:568][187]LogModuleManager: Shutting down and abandoning module ProjectTargetPlatformEditor (483)
[2020.05.01-01.56.06:568][187]LogModuleManager: Shutting down and abandoning module EditorSettingsViewer (480)
[2020.05.01-01.56.06:568][187]LogModuleManager: Shutting down and abandoning module SettingsEditor (478)
[2020.05.01-01.56.06:568][187]LogModuleManager: Shutting down and abandoning module ProjectLauncher (476)
[2020.05.01-01.56.06:568][187]LogModuleManager: Shutting down and abandoning module SessionFrontend (474)
[2020.05.01-01.56.06:568][187]LogModuleManager: Shutting down and abandoning module ProfilerClient (472)
[2020.05.01-01.56.06:568][187]LogModuleManager: Shutting down and abandoning module DeviceManager (470)
[2020.05.01-01.56.06:568][187]LogModuleManager: Shutting down and abandoning module TargetDeviceServices (469)
[2020.05.01-01.56.06:623][187]LogModuleManager: Shutting down and abandoning module AutomationController (466)
[2020.05.01-01.56.06:623][187]LogModuleManager: Shutting down and abandoning module AutomationWindow (464)
[2020.05.01-01.56.06:623][187]LogModuleManager: Shutting down and abandoning module Layers (462)
[2020.05.01-01.56.06:623][187]LogModuleManager: Shutting down and abandoning module ComponentVisualizers (460)
[2020.05.01-01.56.06:623][187]LogModuleManager: Shutting down and abandoning module DetailCustomizations (458)
[2020.05.01-01.56.06:623][187]LogModuleManager: Shutting down and abandoning module PackagesDialog (456)
[2020.05.01-01.56.06:623][187]LogModuleManager: Shutting down and abandoning module Persona (454)
[2020.05.01-01.56.06:623][187]LogModuleManager: Shutting down and abandoning module AdvancedPreviewScene (453)
[2020.05.01-01.56.06:623][187]LogModuleManager: Shutting down and abandoning module AnimGraph (451)
[2020.05.01-01.56.06:623][187]LogModuleManager: Shutting down and abandoning module Kismet (448)
[2020.05.01-01.56.06:626][187]LogModuleManager: Shutting down and abandoning module GraphEditor (446)
[2020.05.01-01.56.06:626][187]LogModuleManager: Shutting down and abandoning module ClassViewer (444)
[2020.05.01-01.56.06:626][187]LogModuleManager: Shutting down and abandoning module Toolbox (442)
[2020.05.01-01.56.06:626][187]LogModuleManager: Shutting down and abandoning module ModuleUI (440)
[2020.05.01-01.56.06:626][187]LogModuleManager: Shutting down and abandoning module MovieSceneTools (438)
[2020.05.01-01.56.06:627][187]LogModuleManager: Shutting down and abandoning module OutputLog (436)
[2020.05.01-01.56.06:627][187]LogModuleManager: Shutting down and abandoning module GammaUI (434)
[2020.05.01-01.56.06:627][187]LogModuleManager: Shutting down and abandoning module Documentation (432)
[2020.05.01-01.56.06:627][187]LogModuleManager: Shutting down and abandoning module MovieSceneTracks (430)
[2020.05.01-01.56.06:627][187]LogModuleManager: Shutting down and abandoning module MovieScene (428)
[2020.05.01-01.56.06:627][187]LogModuleManager: Shutting down and abandoning module StreamingPauseRendering (426)
[2020.05.01-01.56.06:627][187]LogModuleManager: Shutting down and abandoning module LauncherPlatform (424)
[2020.05.01-01.56.06:627][187]LogModuleManager: Shutting down and abandoning module AnalyticsET (422)
[2020.05.01-01.56.06:627][187]LogModuleManager: Shutting down and abandoning module PortalServices (420)
[2020.05.01-01.56.06:627][187]LogModuleManager: Shutting down and abandoning module PortalRpc (418)
[2020.05.01-01.56.06:627][187]LogModuleManager: Shutting down and abandoning module MessagingRpc (416)
[2020.05.01-01.56.06:627][187]LogModuleManager: Shutting down and abandoning module AIModule (414)
[2020.05.01-01.56.06:627][187]LogModuleManager: Shutting down and abandoning module GameplayDebugger (413)
[2020.05.01-01.56.06:627][187]LogModuleManager: Shutting down and abandoning module AITestSuite (411)
[2020.05.01-01.56.06:627][187]LogModuleManager: Shutting down and abandoning module NavigationSystem (409)
[2020.05.01-01.56.06:627][187]LogModuleManager: Shutting down and abandoning module DesktopPlatform (406)
[2020.05.01-01.56.06:627][187]LogModuleManager: Shutting down and abandoning module ImageWriteQueue (404)
[2020.05.01-01.56.06:630][187]LogModuleManager: Shutting down and abandoning module ProfilerService (402)
[2020.05.01-01.56.06:665][187]LogModuleManager: Shutting down and abandoning module TaskGraph (400)
[2020.05.01-01.56.06:665][187]LogModuleManager: Shutting down and abandoning module SteamVRController (398)
[2020.05.01-01.56.06:665][187]LogModuleManager: Shutting down and abandoning module ProceduralMeshComponentEditor (396)
[2020.05.01-01.56.06:665][187]LogModuleManager: Shutting down and abandoning module ProceduralMeshComponent (394)
[2020.05.01-01.56.06:665][187]LogModuleManager: Shutting down and abandoning module OculusInput (392)
[2020.05.01-01.56.06:666][187]LogModuleManager: Shutting down and abandoning module MobilePatchingUtils (390)
[2020.05.01-01.56.06:666][187]LogModuleManager: Shutting down and abandoning module EditableMesh (388)
[2020.05.01-01.56.06:666][187]LogModuleManager: Shutting down and abandoning module CustomMeshComponent (386)
[2020.05.01-01.56.06:666][187]LogModuleManager: Shutting down and abandoning module CableComponent (384)
[2020.05.01-01.56.06:666][187]LogModuleManager: Shutting down and abandoning module AudioCapture (382)
[2020.05.01-01.56.06:666][187]LogModuleManager: Shutting down and abandoning module ArchVisCharacter (380)
[2020.05.01-01.56.06:666][187]LogModuleManager: Shutting down and abandoning module AndroidPermission (378)
[2020.05.01-01.56.06:666][187]LogModuleManager: Shutting down and abandoning module NUTUnrealEngine4 (376)
[2020.05.01-01.56.06:666][187]LogModuleManager: Shutting down and abandoning module NetcodeUnitTest (374)
[2020.05.01-01.56.06:666][187]LogModuleManager: Shutting down and abandoning module MediaCompositing (372)
[2020.05.01-01.56.06:666][187]LogModuleManager: Shutting down and abandoning module LinearTimecode (370)
[2020.05.01-01.56.06:666][187]LogModuleManager: Shutting down and abandoning module ImgMedia (368)
[2020.05.01-01.56.06:668][187]LogModuleManager: Shutting down and abandoning module RawInput (366)
[2020.05.01-01.56.06:668][187]LogModuleManager: Shutting down and abandoning module HTML5Networking (364)
[2020.05.01-01.56.06:668][187]LogModuleManager: Shutting down and abandoning module GeometryCacheTracks (362)
[2020.05.01-01.56.06:668][187]LogModuleManager: Shutting down and abandoning module GeometryCacheSequencer (360)
[2020.05.01-01.56.06:668][187]LogModuleManager: Shutting down and abandoning module BackChannel (358)
[2020.05.01-01.56.06:668][187]LogModuleManager: Shutting down and abandoning module AppleVision (356)
[2020.05.01-01.56.06:669][187]LogModuleManager: Shutting down and abandoning module AppleImageUtilsBlueprintSupport (354)
[2020.05.01-01.56.06:669][187]LogModuleManager: Shutting down and abandoning module AppleImageUtils (352)
[2020.05.01-01.56.06:669][187]LogModuleManager: Shutting down and abandoning module AlembicImporter (350)
[2020.05.01-01.56.06:669][187]LogModuleManager: Shutting down and abandoning module AlembicLibrary (349)
[2020.05.01-01.56.06:669][187]LogModuleManager: Shutting down and abandoning module GeometryCache (348)
[2020.05.01-01.56.06:669][187]LogModuleManager: Shutting down and abandoning module GeometryCacheEd (347)
[2020.05.01-01.56.06:669][187]LogModuleManager: Shutting down and abandoning module VariantManagerContent (342)
[2020.05.01-01.56.06:669][187]LogModuleManager: Shutting down and abandoning module DatasmithContentEditor (340)
[2020.05.01-01.56.06:669][187]LogModuleManager: Shutting down and abandoning module SpeedTreeImporter (338)
[2020.05.01-01.56.06:669][187]LogModuleManager: Shutting down and abandoning module PluginBrowser (336)
[2020.05.01-01.56.06:669][187]LogModuleManager: Shutting down and abandoning module MobileLauncherProfileWizard (334)
[2020.05.01-01.56.06:669][187]LogModuleManager: Shutting down and abandoning module PolygonModeling (332)
[2020.05.01-01.56.06:669][187]LogModuleManager: Shutting down and abandoning module MeshEditor (330)
[2020.05.01-01.56.06:669][187]LogModuleManager: Shutting down and abandoning module CryptoKeysOpenSSL (328)
[2020.05.01-01.56.06:669][187]LogModuleManager: Shutting down and abandoning module CryptoKeys (326)
[2020.05.01-01.56.06:669][187]LogModuleManager: Shutting down and abandoning module VisualStudioSourceCodeAccess (324)
[2020.05.01-01.56.06:669][187]LogModuleManager: Shutting down and abandoning module VisualStudioCodeSourceCodeAccess (322)
[2020.05.01-01.56.06:669][187]LogModuleManager: Shutting down and abandoning module UObjectPlugin (320)
[2020.05.01-01.56.06:669][187]LogModuleManager: Shutting down and abandoning module SubversionSourceControl (318)
[2020.05.01-01.56.06:669][187]LogModuleManager: Shutting down and abandoning module PerforceSourceControl (316)
[2020.05.01-01.56.06:669][187]LogModuleManager: Shutting down and abandoning module GitSourceControl (314)
[2020.05.01-01.56.06:669][187]LogModuleManager: Shutting down and abandoning module SourceControl (313)
[2020.05.01-01.56.06:669][187]LogModuleManager: Shutting down and abandoning module CLionSourceCodeAccess (310)
[2020.05.01-01.56.06:669][187]LogModuleManager: Shutting down and abandoning module ActorLayerUtilitiesEditor (308)
[2020.05.01-01.56.06:669][187]LogModuleManager: Shutting down and abandoning module ActorLayerUtilities (306)
[2020.05.01-01.56.06:670][187]LogModuleManager: Shutting down and abandoning module LightPropagationVolumeEditor (304)
[2020.05.01-01.56.06:670][187]LogModuleManager: Shutting down and abandoning module PaperTiledImporter (302)
[2020.05.01-01.56.06:670][187]LogModuleManager: Shutting down and abandoning module PaperSpriteSheetImporter (300)
[2020.05.01-01.56.06:670][187]LogModuleManager: Shutting down and abandoning module Paper2DEditor (298)
[2020.05.01-01.56.06:670][187]LogModuleManager: Shutting down and abandoning module MeshPaint (297)
[2020.05.01-01.56.06:670][187]LogModuleManager: Shutting down and abandoning module RuntimePhysXCooking (294)
[2020.05.01-01.56.06:670][187]LogModuleManager: Shutting down and abandoning module PhysXVehiclesEditor (292)
[2020.05.01-01.56.06:670][187]LogModuleManager: Shutting down and abandoning module PhysXVehicles (290)
[2020.05.01-01.56.06:670][187]LogModuleManager: Shutting down and abandoning module OculusEditor (288)
[2020.05.01-01.56.06:670][187]LogModuleManager: Shutting down and abandoning module LocationServicesBPLibrary (286)
[2020.05.01-01.56.06:670][187]LogModuleManager: Shutting down and abandoning module ActorSequence (284)
[2020.05.01-01.56.06:670][187]LogModuleManager: Shutting down and abandoning module UdpMessaging (282)
[2020.05.01-01.56.06:771][187]LogModuleManager: Shutting down and abandoning module TcpMessaging (280)
[2020.05.01-01.56.06:872][187]LogModuleManager: Shutting down and abandoning module MagicLeapAudio (278)
[2020.05.01-01.56.06:872][187]LogModuleManager: Shutting down and abandoning module GameplayTagsEditor (276)
[2020.05.01-01.56.06:872][187]LogModuleManager: Shutting down and abandoning module FacialAnimationEditor (274)
[2020.05.01-01.56.06:872][187]LogModuleManager: Shutting down and abandoning module FacialAnimation (272)
[2020.05.01-01.56.06:872][187]LogModuleManager: Shutting down and abandoning module DataValidation (270)
[2020.05.01-01.56.06:872][187]LogModuleManager: Shutting down and abandoning module AssetManagerEditor (268)
[2020.05.01-01.56.06:872][187]LogModuleManager: Shutting down and abandoning module LevelEditor (267)
[2020.05.01-01.56.06:872][187]LogModuleManager: Shutting down and abandoning module PixelInspectorModule (266)
[2020.05.01-01.56.06:872][187]LogModuleManager: Shutting down and abandoning module CommonMenuExtensions (264)
[2020.05.01-01.56.06:873][187]LogModuleManager: Shutting down and abandoning module MainFrame (262)
[2020.05.01-01.56.06:873][187]LogModuleManager: Shutting down and abandoning module HotReload (261)
[2020.05.01-01.56.06:873][187]LogModuleManager: Shutting down and abandoning module ContentBrowser (257)
[2020.05.01-01.56.06:874][187]LogModuleManager: Shutting down and abandoning module TreeMap (255)
[2020.05.01-01.56.06:874][187]LogModuleManager: Shutting down and abandoning module LightPropagationVolumeRuntime (252)
[2020.05.01-01.56.06:874][187]LogModuleManager: Shutting down and abandoning module AISupportModule (250)
[2020.05.01-01.56.06:874][187]LogModuleManager: Shutting down and abandoning module Paper2D (248)
[2020.05.01-01.56.06:874][187]LogModuleManager: Shutting down and abandoning module WindowsMoviePlayer (246)
[2020.05.01-01.56.06:874][187]LogModuleManager: Shutting down and abandoning module WebMMoviePlayer (244)
[2020.05.01-01.56.06:874][187]LogModuleManager: Shutting down and abandoning module WmfMedia (242)
[2020.05.01-01.56.06:875][187]LogModuleManager: Shutting down and abandoning module Media (241)
[2020.05.01-01.56.06:881][187]LogModuleManager: Shutting down and abandoning module PacketHandler (238)
[2020.05.01-01.56.06:881][187]LogModuleManager: Shutting down and abandoning module ClothingSystemEditor (236)
[2020.05.01-01.56.06:881][187]LogModuleManager: Shutting down and abandoning module ClothingSystemRuntime (234)
[2020.05.01-01.56.06:881][187]LogModuleManager: Shutting down and abandoning module MediaAssets (232)
[2020.05.01-01.56.06:881][187]LogModuleManager: Shutting down and abandoning module Overlay (230)
[2020.05.01-01.56.06:881][187]LogModuleManager: Shutting down and abandoning module OverlayEditor (229)
[2020.05.01-01.56.06:881][187]LogModuleManager: Shutting down and abandoning module VREditor (226)
[2020.05.01-01.56.06:881][187]LogModuleManager: Shutting down and abandoning module StringTableEditor (224)
[2020.05.01-01.56.06:881][187]LogModuleManager: Shutting down and abandoning module GameplayTasksEditor (222)
[2020.05.01-01.56.06:881][187]LogModuleManager: Shutting down and abandoning module BehaviorTreeEditor (220)
[2020.05.01-01.56.06:881][187]LogModuleManager: Shutting down and abandoning module FunctionalTesting (218)
[2020.05.01-01.56.06:881][187]LogModuleManager: Shutting down and abandoning module CollisionAnalyzer (216)
[2020.05.01-01.56.06:881][187]LogModuleManager: Shutting down and abandoning module WorkspaceMenuStructure (215)
[2020.05.01-01.56.06:881][187]LogModuleManager: Shutting down and abandoning module UMG (212)
[2020.05.01-01.56.06:881][187]LogModuleManager: Shutting down and abandoning module UMGEditor (211)
[2020.05.01-01.56.06:882][187]LogModuleManager: Shutting down and abandoning module Sequencer (210)
[2020.05.01-01.56.06:882][187]LogModuleManager: Shutting down and abandoning module MessageLog (207)
[2020.05.01-01.56.06:882][187]LogModuleManager: Shutting down and abandoning module SlateReflector (202)
[2020.05.01-01.56.06:882][187]LogModuleManager: Shutting down and abandoning module Slate (200)
[2020.05.01-01.56.06:882][187]LogModuleManager: Shutting down and abandoning module EditorStyle (198)
[2020.05.01-01.56.06:883][187]LogModuleManager: Shutting down and abandoning module MRMesh (196)
[2020.05.01-01.56.06:883][187]LogModuleManager: Shutting down and abandoning module SourceCodeAccess (194)
[2020.05.01-01.56.06:883][187]LogModuleManager: Shutting down and abandoning module HeadMountedDisplay (192)
[2020.05.01-01.56.06:883][187]LogModuleManager: Shutting down and abandoning module XAudio2 (190)
[2020.05.01-01.56.06:883][187]LogModuleManager: Shutting down and abandoning module Networking (188)
[2020.05.01-01.56.06:883][187]LogModuleManager: Shutting down and abandoning module Core (186)
[2020.05.01-01.56.06:883][187]LogModuleManager: Shutting down and abandoning module LevelSequence (184)
[2020.05.01-01.56.06:883][187]LogModuleManager: Shutting down and abandoning module KismetCompiler (182)
[2020.05.01-01.56.06:883][187]LogModuleManager: Shutting down and abandoning module MeshUtilities (180)
[2020.05.01-01.56.06:883][187]LogModuleManager: Shutting down and abandoning module MeshMergeUtilities (179)
[2020.05.01-01.56.06:883][187]LogModuleManager: Shutting down and abandoning module MeshReductionInterface (178)
[2020.05.01-01.56.06:883][187]LogModuleManager: Shutting down and abandoning module SimplygonSwarm (177)
[2020.05.01-01.56.06:883][187]LogModuleManager: Shutting down and abandoning module ProxyLODMeshReduction (175)
[2020.05.01-01.56.06:883][187]LogModuleManager: Shutting down and abandoning module SimplygonMeshReduction (173)
[2020.05.01-01.56.06:883][187]LogModuleManager: Shutting down and abandoning module QuadricMeshReduction (171)
[2020.05.01-01.56.06:883][187]LogModuleManager: Shutting down and abandoning module MaterialBaking (167)
[2020.05.01-01.56.06:883][187]LogModuleManager: Shutting down and abandoning module DirectoryWatcher (163)
[2020.05.01-01.56.06:884][187]LogModuleManager: Shutting down and abandoning module DerivedDataCache (160)
[2020.05.01-01.56.06:927][187]LogDerivedDataCache: Shutdown
[2020.05.01-01.56.06:928][187]LogModuleManager: Shutting down and abandoning module XGEController (158)
[2020.05.01-01.56.06:928][187]LogModuleManager: Shutting down and abandoning module TargetPlatform (156)
[2020.05.01-01.56.06:928][187]LogModuleManager: Shutting down and abandoning module VulkanShaderFormat (155)
[2020.05.01-01.56.06:928][187]LogModuleManager: Shutting down and abandoning module ShaderFormatVectorVM (153)
[2020.05.01-01.56.06:928][187]LogModuleManager: Shutting down and abandoning module ShaderFormatOpenGL (151)
[2020.05.01-01.56.06:928][187]LogModuleManager: Shutting down and abandoning module ShaderFormatD3D (149)
[2020.05.01-01.56.06:928][187]LogModuleManager: Shutting down and abandoning module MetalShaderFormat (147)
[2020.05.01-01.56.06:928][187]LogModuleManager: Shutting down and abandoning module TextureFormatUncompressed (145)
[2020.05.01-01.56.06:928][187]LogModuleManager: Shutting down and abandoning module TextureFormatPVR (143)
[2020.05.01-01.56.06:928][187]LogModuleManager: Shutting down and abandoning module TextureFormatDXT (141)
[2020.05.01-01.56.06:928][187]LogModuleManager: Shutting down and abandoning module TextureFormatIntelISPCTexComp (139)
[2020.05.01-01.56.06:928][187]LogModuleManager: Shutting down and abandoning module TextureFormatASTC (137)
[2020.05.01-01.56.06:928][187]LogModuleManager: Shutting down and abandoning module ImageWrapper (136)
[2020.05.01-01.56.06:928][187]LogModuleManager: Shutting down and abandoning module TextureFormatAndroid (133)
[2020.05.01-01.56.06:928][187]LogModuleManager: Shutting down and abandoning module AudioFormatOpus (131)
[2020.05.01-01.56.06:928][187]LogModuleManager: Shutting down and abandoning module AudioFormatOgg (129)
[2020.05.01-01.56.06:928][187]LogModuleManager: Shutting down and abandoning module AudioFormatADPCM (127)
[2020.05.01-01.56.06:928][187]LogModuleManager: Shutting down and abandoning module LuminTargetPlatform (125)
[2020.05.01-01.56.06:929][187]LogModuleManager: Shutting down and abandoning module LinuxTargetPlatform (123)
[2020.05.01-01.56.06:929][187]LogModuleManager: Shutting down and abandoning module LinuxServerTargetPlatform (121)
[2020.05.01-01.56.06:929][187]LogModuleManager: Shutting down and abandoning module LinuxNoEditorTargetPlatform (119)
[2020.05.01-01.56.06:929][187]LogModuleManager: Shutting down and abandoning module LinuxClientTargetPlatform (117)
[2020.05.01-01.56.06:929][187]LogModuleManager: Shutting down and abandoning module TVOSTargetPlatform (115)
[2020.05.01-01.56.06:930][187]LogModuleManager: Shutting down and abandoning module Messaging (113)
[2020.05.01-01.56.06:930][187]LogModuleManager: Shutting down and abandoning module IOSTargetPlatform (111)
[2020.05.01-01.56.06:931][187]LogModuleManager: Shutting down and abandoning module HTML5TargetPlatform (109)
[2020.05.01-01.56.06:931][187]LogModuleManager: Shutting down and abandoning module AndroidTargetPlatform (107)
[2020.05.01-01.56.06:939][187]LogModuleManager: Shutting down and abandoning module WindowsTargetPlatform (105)
[2020.05.01-01.56.06:940][187]LogModuleManager: Shutting down and abandoning module WindowsServerTargetPlatform (103)
[2020.05.01-01.56.06:940][187]LogModuleManager: Shutting down and abandoning module WindowsNoEditorTargetPlatform (101)
[2020.05.01-01.56.06:940][187]LogModuleManager: Shutting down and abandoning module WindowsClientTargetPlatform (99)
[2020.05.01-01.56.06:940][187]LogModuleManager: Shutting down and abandoning module MacTargetPlatform (97)
[2020.05.01-01.56.06:940][187]LogModuleManager: Shutting down and abandoning module MacServerTargetPlatform (95)
[2020.05.01-01.56.06:940][187]LogModuleManager: Shutting down and abandoning module MacNoEditorTargetPlatform (93)
[2020.05.01-01.56.06:940][187]LogModuleManager: Shutting down and abandoning module MacClientTargetPlatform (91)
[2020.05.01-01.56.06:940][187]LogModuleManager: Shutting down and abandoning module AllDesktopTargetPlatform (89)
[2020.05.01-01.56.06:940][187]LogModuleManager: Shutting down and abandoning module InputCore (86)
[2020.05.01-01.56.06:940][187]LogModuleManager: Shutting down and abandoning module Settings (84)
[2020.05.01-01.56.06:940][187]LogModuleManager: Shutting down and abandoning module PhysXCooking (82)
[2020.05.01-01.56.06:940][187]LogModuleManager: Shutting down and abandoning module SteamVR (80)
[2020.05.01-01.56.06:940][187]LogHMD: Freeing OpenVRDLLHandle.
[2020.05.01-01.56.06:940][187]LogModuleManager: Shutting down and abandoning module OculusHMD (78)
[2020.05.01-01.56.06:940][187]LogModuleManager: Shutting down and abandoning module ExampleDeviceProfileSelector (76)
[2020.05.01-01.56.06:940][187]LogModuleManager: Shutting down and abandoning module LauncherChunkInstaller (74)
[2020.05.01-01.56.06:940][187]LogModuleManager: Shutting down and abandoning module OnlineBlueprintSupport (72)
[2020.05.01-01.56.06:940][187]LogModuleManager: Shutting down and abandoning module OnlineSubsystem (68)
[2020.05.01-01.56.06:941][187]LogModuleManager: Shutting down and abandoning module XMPP (63)
[2020.05.01-01.56.06:941][187]LogModuleManager: Shutting down and abandoning module WebSockets (62)
[2020.05.01-01.56.06:948][187]LogModuleManager: Shutting down and abandoning module HTTP (59)
[2020.05.01-01.56.06:948][187]LogHttp: Display: Http module shutting down, but needs to wait on 1 outstanding Http requests:
[2020.05.01-01.56.06:948][187]LogHttp: Display: 	verb=[POST] url=[https://datarouter.ol.epicgames.com/datarouter/api/v1/public/data?SessionID=%7B7C5D728D-4AAA-3102-069C-1C9E4EBDBFD3%7D&AppID=UEEditor.Rocket.Release&AppVersion=4.21.2-4753647%2B%2B%2BUE4%2BRelease-4.21&UserID=25badab649f8b76305744cbcb3c9bb44%7Cc705ba0724fe476f86f342d151cefd0c%7C4e08ef63-f22a-4199-89e4-0ddfddac7121&AppEnvironment=datacollector-binary&UploadType=eteventstream] status=Processing
[2020.05.01-01.56.06:978][187]LogModuleManager: Shutting down and abandoning module SSL (58)
[2020.05.01-01.56.06:979][187]LogModuleManager: Shutting down and abandoning module MagicLeapIdentity (54)
[2020.05.01-01.56.06:979][187]LogModuleManager: Shutting down and abandoning module MagicLeapHelperVulkan (52)
[2020.05.01-01.56.06:979][187]LogModuleManager: Shutting down and abandoning module MagicLeapHelperOpenGL (50)
[2020.05.01-01.56.06:979][187]LogModuleManager: Shutting down and abandoning module MagicLeapSecureStorage (48)
[2020.05.01-01.56.06:979][187]LogModuleManager: Shutting down and abandoning module MagicLeapHandTracking (46)
[2020.05.01-01.56.06:979][187]LogModuleManager: Shutting down and abandoning module MagicLeapEyeTracker (44)
[2020.05.01-01.56.06:979][187]LogModuleManager: Shutting down and abandoning module MagicLeapController (42)
[2020.05.01-01.56.06:979][187]LogSlate: Slate User Destroyed.  User Index 0, Is Virtual User: 0
[2020.05.01-01.56.06:979][187]LogModuleManager: Shutting down and abandoning module MagicLeap (40)
[2020.05.01-01.56.06:979][187]LogModuleManager: Shutting down and abandoning module DatasmithContent (38)
[2020.05.01-01.56.06:980][187]LogModuleManager: Shutting down and abandoning module AnimationModifiers (36)
[2020.05.01-01.56.06:980][187]LogModuleManager: Shutting down and abandoning module PropertyEditor (35)
[2020.05.01-01.56.06:980][187]LogModuleManager: Shutting down and abandoning module AudioEditor (32)
[2020.05.01-01.56.06:980][187]LogModuleManager: Shutting down and abandoning module TextureCompressor (30)
[2020.05.01-01.56.06:980][187]LogModuleManager: Shutting down and abandoning module ShaderCore (28)
[2020.05.01-01.56.06:980][187]LogModuleManager: Shutting down and abandoning module Landscape (26)
[2020.05.01-01.56.06:980][187]LogModuleManager: Shutting down and abandoning module SlateRHIRenderer (24)
[2020.05.01-01.56.06:981][187]LogModuleManager: Shutting down and abandoning module OpenGLDrv (22)
[2020.05.01-01.56.06:981][187]LogModuleManager: Shutting down and abandoning module D3D11RHI (20)
[2020.05.01-01.56.06:981][187]LogModuleManager: Shutting down and abandoning module AnimGraphRuntime (18)
[2020.05.01-01.56.06:981][187]LogModuleManager: Shutting down and abandoning module Renderer (16)
[2020.05.01-01.56.06:981][187]LogModuleManager: Shutting down and abandoning module Engine (14)
[2020.05.01-01.56.06:981][187]LogModuleManager: Shutting down and abandoning module CoreUObject (12)
[2020.05.01-01.56.06:981][187]LogModuleManager: Shutting down and abandoning module NetworkFile (10)
[2020.05.01-01.56.06:981][187]LogModuleManager: Shutting down and abandoning module CookedIterativeFile (8)
[2020.05.01-01.56.06:981][187]LogModuleManager: Shutting down and abandoning module StreamingFile (6)
[2020.05.01-01.56.06:981][187]LogModuleManager: Shutting down and abandoning module SandboxFile (4)
[2020.05.01-01.56.06:981][187]LogModuleManager: Shutting down and abandoning module PakFile (2)
[2020.05.01-01.56.06:987][187]LogExit: Exiting.
[2020.05.01-01.56.06:994][187]Log file closed, 05/01/20 10:56:06
